<?xml version="1.0" encoding="UTF-8"?>
<robot generator="Robot 6.1.1 (Python 3.11.4 on win32)" generated="20240305 20:15:57.944" rpa="false" schemaversion="4">
<suite id="s1" name="Rf Project Final" source="c:\Users\vikiv\Documents\UiPath\Project1\CSVresult\rf_project_final.robot">
<test id="s1-t1" name="Read CSV file to list" line="126">
<kw name="Get File" library="OperatingSystem">
<var>${outputHeader}</var>
<arg>${PATH}invoiceHeaders.csv</arg>
<doc>Returns the contents of a specified file.</doc>
<msg timestamp="20240305 20:15:58.264" level="INFO" html="true">Getting file '&lt;a href="file://C:\Users\vikiv\Documents\UiPath\Project1\CSVresult\invoiceHeaders.csv"&gt;C:\Users\vikiv\Documents\UiPath\Project1\CSVresult\invoiceHeaders.csv&lt;/a&gt;'.</msg>
<msg timestamp="20240305 20:15:58.278" level="INFO">${outputHeader} = ﻿Invoice Number,Company Code,Reference number,IBAN number,Due date,Amount excl. VAT,vat,Total Amount
143143,1234567-8,1431432,FI12 3456 7890 1234 56,15.12.2022,1350,324,1674
1543235,1234567-9,15432359...</msg>
<status status="PASS" starttime="20240305 20:15:58.260" endtime="20240305 20:15:58.279"/>
</kw>
<kw name="Get File" library="OperatingSystem">
<var>${outputRows}</var>
<arg>${PATH}invoiceRows.csv</arg>
<doc>Returns the contents of a specified file.</doc>
<msg timestamp="20240305 20:15:58.286" level="INFO" html="true">Getting file '&lt;a href="file://C:\Users\vikiv\Documents\UiPath\Project1\CSVresult\invoiceRows.csv"&gt;C:\Users\vikiv\Documents\UiPath\Project1\CSVresult\invoiceRows.csv&lt;/a&gt;'.</msg>
<msg timestamp="20240305 20:15:58.289" level="INFO">${outputRows} = ﻿Invoice Number,item,quantity,unit,Unit Price,Vat Precentage,Line Vat Amount,Line Item Amount
143143,Installation Services,5,h,60,24,72.00,372.00
143143,Replacement Products,10,kpl,105,24,252.00,1302....</msg>
<status status="PASS" starttime="20240305 20:15:58.284" endtime="20240305 20:15:58.290"/>
</kw>
<kw name="Log" library="BuiltIn">
<arg>${outputHeader}</arg>
<doc>Logs the given message with the given level.</doc>
<msg timestamp="20240305 20:15:58.302" level="INFO">﻿Invoice Number,Company Code,Reference number,IBAN number,Due date,Amount excl. VAT,vat,Total Amount
143143,1234567-8,1431432,FI12 3456 7890 1234 56,15.12.2022,1350,324,1674
1543235,1234567-9,15432359,FI05 1234 5600 7891 01,15.10.2022,465,111.6,576.6
153143,1234567-8,1531439,FI12 3456 7890 1234 56,15.12.2022,2700,648,3348
</msg>
<status status="PASS" starttime="20240305 20:15:58.299" endtime="20240305 20:15:58.303"/>
</kw>
<kw name="Log" library="BuiltIn">
<arg>${outputRows}</arg>
<doc>Logs the given message with the given level.</doc>
<msg timestamp="20240305 20:15:58.309" level="INFO">﻿Invoice Number,item,quantity,unit,Unit Price,Vat Precentage,Line Vat Amount,Line Item Amount
143143,Installation Services,5,h,60,24,72.00,372.00
143143,Replacement Products,10,kpl,105,24,252.00,1302.00
1543235,Keyboard Logitech,10,kpl,40.00,24,96.00,496.00
1543235,Brother printer,1,kpl,65.00,24,15.60,80.60
153143,Installation Services,5,h,60,24,72.00,372.00
153143,Replacement Products,10,kpl,105,24,252.00,1302.00
153143,Cleaning Services,5,h,60,24,72.00,372.00
153143,Cleaning Wipes,10,kpl,105,24,252.00,1302.00
</msg>
<status status="PASS" starttime="20240305 20:15:58.306" endtime="20240305 20:15:58.314"/>
</kw>
<kw name="Split String" library="String">
<var>@{headers}</var>
<arg>${outputHeader}</arg>
<arg>\n</arg>
<doc>Splits the ``string`` using ``separator`` as a delimiter string.</doc>
<msg timestamp="20240305 20:15:58.321" level="INFO">@{headers} = [ ﻿Invoice Number,Company Code,Reference number,IBAN number,Due date,Amount excl. VAT,vat,Total Amount | 143143,1234567-8,1431432,FI12 3456 7890 1234 56,15.12.2022,1350,324,1674 | 1543235,1234567-9,15...</msg>
<status status="PASS" starttime="20240305 20:15:58.318" endtime="20240305 20:15:58.322"/>
</kw>
<kw name="Split String" library="String">
<var>@{rows}</var>
<arg>${outputRows}</arg>
<arg>\n</arg>
<doc>Splits the ``string`` using ``separator`` as a delimiter string.</doc>
<msg timestamp="20240305 20:15:58.328" level="INFO">@{rows} = [ ﻿Invoice Number,item,quantity,unit,Unit Price,Vat Precentage,Line Vat Amount,Line Item Amount | 143143,Installation Services,5,h,60,24,72.00,372.00 | 143143,Replacement Products,10,kpl,105,24,252.00...</msg>
<status status="PASS" starttime="20240305 20:15:58.325" endtime="20240305 20:15:58.329"/>
</kw>
<kw name="Get Length" library="BuiltIn">
<var>${length}</var>
<arg>${headers}</arg>
<doc>Returns and logs the length of the given item as an integer.</doc>
<msg timestamp="20240305 20:15:58.337" level="INFO">Length is 5</msg>
<msg timestamp="20240305 20:15:58.338" level="INFO">${length} = 5</msg>
<status status="PASS" starttime="20240305 20:15:58.333" endtime="20240305 20:15:58.340"/>
</kw>
<kw name="Evaluate" library="BuiltIn">
<var>${length}</var>
<arg>${length}-1</arg>
<doc>Evaluates the given expression in Python and returns the result.</doc>
<msg timestamp="20240305 20:15:58.348" level="INFO">${length} = 4</msg>
<status status="PASS" starttime="20240305 20:15:58.346" endtime="20240305 20:15:58.349"/>
</kw>
<kw name="Convert To Integer" library="BuiltIn">
<var>${index}</var>
<arg>0</arg>
<doc>Converts the given item to an integer number.</doc>
<msg timestamp="20240305 20:15:58.353" level="INFO">${index} = 0</msg>
<status status="PASS" starttime="20240305 20:15:58.351" endtime="20240305 20:15:58.353"/>
</kw>
<kw name="Remove From List" library="Collections">
<arg>${headers}</arg>
<arg>${length}</arg>
<doc>Removes and returns the value specified with an ``index`` from ``list``.</doc>
<status status="PASS" starttime="20240305 20:15:58.356" endtime="20240305 20:15:58.357"/>
</kw>
<kw name="Remove From List" library="Collections">
<arg>${headers}</arg>
<arg>${index}</arg>
<doc>Removes and returns the value specified with an ``index`` from ``list``.</doc>
<status status="PASS" starttime="20240305 20:15:58.358" endtime="20240305 20:15:58.359"/>
</kw>
<kw name="Get Length" library="BuiltIn">
<var>${length}</var>
<arg>${rows}</arg>
<doc>Returns and logs the length of the given item as an integer.</doc>
<msg timestamp="20240305 20:15:58.361" level="INFO">Length is 10</msg>
<msg timestamp="20240305 20:15:58.362" level="INFO">${length} = 10</msg>
<status status="PASS" starttime="20240305 20:15:58.360" endtime="20240305 20:15:58.363"/>
</kw>
<kw name="Evaluate" library="BuiltIn">
<var>${length}</var>
<arg>${length}-1</arg>
<doc>Evaluates the given expression in Python and returns the result.</doc>
<msg timestamp="20240305 20:15:58.366" level="INFO">${length} = 9</msg>
<status status="PASS" starttime="20240305 20:15:58.364" endtime="20240305 20:15:58.366"/>
</kw>
<kw name="Remove From List" library="Collections">
<arg>${rows}</arg>
<arg>${length}</arg>
<doc>Removes and returns the value specified with an ``index`` from ``list``.</doc>
<status status="PASS" starttime="20240305 20:15:58.367" endtime="20240305 20:15:58.369"/>
</kw>
<kw name="Remove From List" library="Collections">
<arg>${rows}</arg>
<arg>${index}</arg>
<doc>Removes and returns the value specified with an ``index`` from ``list``.</doc>
<status status="PASS" starttime="20240305 20:15:58.370" endtime="20240305 20:15:58.371"/>
</kw>
<kw name="Set Global Variable" library="BuiltIn">
<arg>${headers}</arg>
<doc>Makes a variable available globally in all tests and suites.</doc>
<msg timestamp="20240305 20:15:58.373" level="INFO">${headers} = ['143143,1234567-8,1431432,FI12 3456 7890 1234 56,15.12.2022,1350,324,1674', '1543235,1234567-9,15432359,FI05 1234 5600 7891 01,15.10.2022,465,111.6,576.6', '153143,1234567-8,1531439,FI12 3456 7890 12...</msg>
<status status="PASS" starttime="20240305 20:15:58.372" endtime="20240305 20:15:58.373"/>
</kw>
<kw name="Set Global Variable" library="BuiltIn">
<arg>${rows}</arg>
<doc>Makes a variable available globally in all tests and suites.</doc>
<msg timestamp="20240305 20:15:58.375" level="INFO">${rows} = ['143143,Installation Services,5,h,60,24,72.00,372.00', '143143,Replacement Products,10,kpl,105,24,252.00,1302.00', '1543235,Keyboard Logitech,10,kpl,40.00,24,96.00,496.00', '1543235,Brother printer,1...</msg>
<status status="PASS" starttime="20240305 20:15:58.374" endtime="20240305 20:15:58.376"/>
</kw>
<kw name="Log" library="BuiltIn">
<arg>${headers}</arg>
<doc>Logs the given message with the given level.</doc>
<msg timestamp="20240305 20:15:58.378" level="INFO">['143143,1234567-8,1431432,FI12 3456 7890 1234 56,15.12.2022,1350,324,1674', '1543235,1234567-9,15432359,FI05 1234 5600 7891 01,15.10.2022,465,111.6,576.6', '153143,1234567-8,1531439,FI12 3456 7890 1234 56,15.12.2022,2700,648,3348']</msg>
<status status="PASS" starttime="20240305 20:15:58.377" endtime="20240305 20:15:58.378"/>
</kw>
<kw name="Log" library="BuiltIn">
<arg>${rows}</arg>
<doc>Logs the given message with the given level.</doc>
<msg timestamp="20240305 20:15:58.380" level="INFO">['143143,Installation Services,5,h,60,24,72.00,372.00', '143143,Replacement Products,10,kpl,105,24,252.00,1302.00', '1543235,Keyboard Logitech,10,kpl,40.00,24,96.00,496.00', '1543235,Brother printer,1,kpl,65.00,24,15.60,80.60', '153143,Installation Services,5,h,60,24,72.00,372.00', '153143,Replacement Products,10,kpl,105,24,252.00,1302.00', '153143,Cleaning Services,5,h,60,24,72.00,372.00', '153143,Cleaning Wipes,10,kpl,105,24,252.00,1302.00']</msg>
<status status="PASS" starttime="20240305 20:15:58.379" endtime="20240305 20:15:58.381"/>
</kw>
<status status="PASS" starttime="20240305 20:15:58.256" endtime="20240305 20:15:58.382"/>
</test>
<test id="s1-t2" name="Loop all invoicerows" line="159">
<for flavor="IN">
<var>${element}</var>
<value>@{rows}</value>
<iter>
<var name="${element}">143143,Installation Services,5,h,60,24,72.00,372.00</var>
<kw name="Log" library="BuiltIn">
<arg>${element}</arg>
<doc>Logs the given message with the given level.</doc>
<msg timestamp="20240305 20:15:58.391" level="INFO">143143,Installation Services,5,h,60,24,72.00,372.00</msg>
<status status="PASS" starttime="20240305 20:15:58.390" endtime="20240305 20:15:58.391"/>
</kw>
<kw name="Split String" library="String">
<var>@{items}</var>
<arg>${element}</arg>
<arg>,</arg>
<doc>Splits the ``string`` using ``separator`` as a delimiter string.</doc>
<msg timestamp="20240305 20:15:58.392" level="INFO">@{items} = [ 143143 | Installation Services | 5 | h | 60 | 24 | 72.00 | 372.00 ]</msg>
<status status="PASS" starttime="20240305 20:15:58.392" endtime="20240305 20:15:58.393"/>
</kw>
<kw name="Log" library="BuiltIn">
<arg>${items}</arg>
<doc>Logs the given message with the given level.</doc>
<msg timestamp="20240305 20:15:58.393" level="INFO">['143143', 'Installation Services', '5', 'h', '60', '24', '72.00', '372.00']</msg>
<status status="PASS" starttime="20240305 20:15:58.393" endtime="20240305 20:15:58.394"/>
</kw>
<kw name="Set Variable" library="BuiltIn">
<var>${rowInvoiceNumber}</var>
<arg>${items}[0]</arg>
<doc>Returns the given values which can then be assigned to a variables.</doc>
<msg timestamp="20240305 20:15:58.395" level="INFO">${rowInvoiceNumber} = 143143</msg>
<status status="PASS" starttime="20240305 20:15:58.394" endtime="20240305 20:15:58.396"/>
</kw>
<kw name="Log" library="BuiltIn">
<arg>${rowInvoiceNumber}</arg>
<doc>Logs the given message with the given level.</doc>
<msg timestamp="20240305 20:15:58.437" level="INFO">143143</msg>
<status status="PASS" starttime="20240305 20:15:58.436" endtime="20240305 20:15:58.437"/>
</kw>
<kw name="Log" library="BuiltIn">
<arg>${InvoiceNumber}</arg>
<doc>Logs the given message with the given level.</doc>
<msg timestamp="20240305 20:15:58.439" level="INFO">empty</msg>
<status status="PASS" starttime="20240305 20:15:58.438" endtime="20240305 20:15:58.439"/>
</kw>
<if>
<branch type="IF" condition="'${rowInvoiceNumber}' == '${InvoiceNumber}'">
<kw name="Log" library="BuiltIn">
<arg>Let's add rows to the invoice</arg>
<doc>Logs the given message with the given level.</doc>
<status status="NOT RUN" starttime="20240305 20:15:58.442" endtime="20240305 20:15:58.442"/>
</kw>
<kw name="Log" library="BuiltIn">
<arg>${items}</arg>
<doc>Logs the given message with the given level.</doc>
<status status="NOT RUN" starttime="20240305 20:15:58.443" endtime="20240305 20:15:58.443"/>
</kw>
<kw name="Add Row Data to List">
<arg>${items}</arg>
<status status="NOT RUN" starttime="20240305 20:15:58.444" endtime="20240305 20:15:58.444"/>
</kw>
<status status="NOT RUN" starttime="20240305 20:15:58.441" endtime="20240305 20:15:58.445"/>
</branch>
<branch type="ELSE">
<kw name="Log" library="BuiltIn">
<arg>We need to check if there are already rows in the database list</arg>
<doc>Logs the given message with the given level.</doc>
<msg timestamp="20240305 20:15:58.448" level="INFO">We need to check if there are already rows in the database list</msg>
<status status="PASS" starttime="20240305 20:15:58.446" endtime="20240305 20:15:58.448"/>
</kw>
<kw name="Log" library="BuiltIn">
<arg>${InvoiceNumber}</arg>
<doc>Logs the given message with the given level.</doc>
<msg timestamp="20240305 20:15:58.452" level="INFO">empty</msg>
<status status="PASS" starttime="20240305 20:15:58.450" endtime="20240305 20:15:58.452"/>
</kw>
<kw name="Get Length" library="BuiltIn">
<var>${length}</var>
<arg>${ListToDB}</arg>
<doc>Returns and logs the length of the given item as an integer.</doc>
<msg timestamp="20240305 20:15:58.466" level="INFO">Length is 0</msg>
<msg timestamp="20240305 20:15:58.467" level="INFO">${length} = 0</msg>
<status status="PASS" starttime="20240305 20:15:58.465" endtime="20240305 20:15:58.468"/>
</kw>
<if>
<branch type="IF" condition="${length} == ${0}">
<kw name="Log" library="BuiltIn">
<arg>The case of the first invoice</arg>
<doc>Logs the given message with the given level.</doc>
<msg timestamp="20240305 20:15:58.471" level="INFO">The case of the first invoice</msg>
<status status="PASS" starttime="20240305 20:15:58.470" endtime="20240305 20:15:58.471"/>
</kw>
<kw name="Set Variable" library="BuiltIn">
<var>${InvoiceNumber}</var>
<arg>${rowInvoiceNumber}</arg>
<doc>Returns the given values which can then be assigned to a variables.</doc>
<msg timestamp="20240305 20:15:58.473" level="INFO">${InvoiceNumber} = 143143</msg>
<status status="PASS" starttime="20240305 20:15:58.472" endtime="20240305 20:15:58.473"/>
</kw>
<kw name="Set Global Variable" library="BuiltIn">
<arg>${InvoiceNumber}</arg>
<doc>Makes a variable available globally in all tests and suites.</doc>
<msg timestamp="20240305 20:15:58.474" level="INFO">${InvoiceNumber} = 143143</msg>
<status status="PASS" starttime="20240305 20:15:58.473" endtime="20240305 20:15:58.475"/>
</kw>
<kw name="Add Row Data to List">
<arg>${items}</arg>
<kw name="Create List" library="BuiltIn">
<var>@{AddInvoiceRowData}</var>
<doc>Returns a list containing given items.</doc>
<msg timestamp="20240305 20:15:58.477" level="INFO">@{AddInvoiceRowData} = [ ]</msg>
<status status="PASS" starttime="20240305 20:15:58.476" endtime="20240305 20:15:58.477"/>
</kw>
<kw name="Append To List" library="Collections">
<arg>${AddInvoiceRowData}</arg>
<arg>${InvoiceNumber}</arg>
<doc>Adds ``values`` to the end of ``list``.</doc>
<status status="PASS" starttime="20240305 20:15:58.477" endtime="20240305 20:15:58.478"/>
</kw>
<kw name="Append To List" library="Collections">
<arg>${AddInvoiceRowData}</arg>
<arg>${items}[1]</arg>
<doc>Adds ``values`` to the end of ``list``.</doc>
<status status="PASS" starttime="20240305 20:15:58.489" endtime="20240305 20:15:58.490"/>
</kw>
<kw name="Append To List" library="Collections">
<arg>${AddInvoiceRowData}</arg>
<arg>${items}[2]</arg>
<doc>Adds ``values`` to the end of ``list``.</doc>
<status status="PASS" starttime="20240305 20:15:58.491" endtime="20240305 20:15:58.492"/>
</kw>
<kw name="Append To List" library="Collections">
<arg>${AddInvoiceRowData}</arg>
<arg>${items}[3]</arg>
<doc>Adds ``values`` to the end of ``list``.</doc>
<status status="PASS" starttime="20240305 20:15:58.492" endtime="20240305 20:15:58.493"/>
</kw>
<kw name="Append To List" library="Collections">
<arg>${AddInvoiceRowData}</arg>
<arg>${items}[4]</arg>
<doc>Adds ``values`` to the end of ``list``.</doc>
<status status="PASS" starttime="20240305 20:15:58.495" endtime="20240305 20:15:58.496"/>
</kw>
<kw name="Append To List" library="Collections">
<arg>${AddInvoiceRowData}</arg>
<arg>${items}[5]</arg>
<doc>Adds ``values`` to the end of ``list``.</doc>
<status status="PASS" starttime="20240305 20:15:58.496" endtime="20240305 20:15:58.497"/>
</kw>
<kw name="Append To List" library="Collections">
<arg>${AddInvoiceRowData}</arg>
<arg>${items}[6]</arg>
<doc>Adds ``values`` to the end of ``list``.</doc>
<status status="PASS" starttime="20240305 20:15:58.498" endtime="20240305 20:15:58.499"/>
</kw>
<kw name="Append To List" library="Collections">
<arg>${AddInvoiceRowData}</arg>
<arg>${items}[7]</arg>
<doc>Adds ``values`` to the end of ``list``.</doc>
<status status="PASS" starttime="20240305 20:15:58.499" endtime="20240305 20:15:58.500"/>
</kw>
<kw name="Append To List" library="Collections">
<arg>${ListToDB}</arg>
<arg>${AddInvoiceRowData}</arg>
<doc>Adds ``values`` to the end of ``list``.</doc>
<status status="PASS" starttime="20240305 20:15:58.501" endtime="20240305 20:15:58.502"/>
</kw>
<status status="PASS" starttime="20240305 20:15:58.475" endtime="20240305 20:15:58.502"/>
</kw>
<status status="PASS" starttime="20240305 20:15:58.468" endtime="20240305 20:15:58.503"/>
</branch>
<branch type="ELSE">
<kw name="Log" library="BuiltIn">
<arg>The invoice changes, the header data must also be processed</arg>
<doc>Logs the given message with the given level.</doc>
<status status="NOT RUN" starttime="20240305 20:15:58.506" endtime="20240305 20:15:58.506"/>
</kw>
<for flavor="IN">
<var>${headerElement}</var>
<value>@{headers}</value>
<iter>
<var name="${headerElement}"/>
<kw name="Split String" library="String">
<var>${headerItems}</var>
<arg>${headerElement}</arg>
<arg>,</arg>
<doc>Splits the ``string`` using ``separator`` as a delimiter string.</doc>
<status status="NOT RUN" starttime="20240305 20:15:58.508" endtime="20240305 20:15:58.509"/>
</kw>
<kw name="Log" library="BuiltIn">
<arg>${headerItems}</arg>
<doc>Logs the given message with the given level.</doc>
<status status="NOT RUN" starttime="20240305 20:15:58.510" endtime="20240305 20:15:58.510"/>
</kw>
<if>
<branch type="IF" condition="'${headerItems}[0]' == '${InvoiceNumber}'">
<kw name="Log" library="BuiltIn">
<arg>The invoice was found</arg>
<doc>Logs the given message with the given level.</doc>
<status status="NOT RUN" starttime="20240305 20:15:58.511" endtime="20240305 20:15:58.512"/>
</kw>
<kw name="Add Invoice Header To DB">
<arg>${headerItems}</arg>
<arg>${ListToDB}</arg>
<status status="NOT RUN" starttime="20240305 20:15:58.512" endtime="20240305 20:15:58.513"/>
</kw>
<for flavor="IN">
<var>${rowElement}</var>
<value>@{ListToDB}</value>
<iter>
<var name="${rowElement}"/>
<kw name="Add Invoice Row To DB">
<arg>${rowElement}</arg>
<status status="NOT RUN" starttime="20240305 20:15:58.516" endtime="20240305 20:15:58.516"/>
</kw>
<status status="NOT RUN" starttime="20240305 20:15:58.515" endtime="20240305 20:15:58.517"/>
</iter>
<status status="NOT RUN" starttime="20240305 20:15:58.514" endtime="20240305 20:15:58.517"/>
</for>
<status status="NOT RUN" starttime="20240305 20:15:58.510" endtime="20240305 20:15:58.518"/>
</branch>
<status status="NOT RUN" starttime="20240305 20:15:58.510" endtime="20240305 20:15:58.518"/>
</if>
<status status="NOT RUN" starttime="20240305 20:15:58.507" endtime="20240305 20:15:58.518"/>
</iter>
<status status="NOT RUN" starttime="20240305 20:15:58.506" endtime="20240305 20:15:58.518"/>
</for>
<kw name="Create List" library="BuiltIn">
<var>@{ListToDB}</var>
<doc>Returns a list containing given items.</doc>
<status status="NOT RUN" starttime="20240305 20:15:58.519" endtime="20240305 20:15:58.519"/>
</kw>
<kw name="Set Global Variable" library="BuiltIn">
<arg>${ListToDB}</arg>
<doc>Makes a variable available globally in all tests and suites.</doc>
<status status="NOT RUN" starttime="20240305 20:15:58.519" endtime="20240305 20:15:58.520"/>
</kw>
<kw name="Set Variable" library="BuiltIn">
<var>${InvoiceNumber}</var>
<arg>${rowInvoiceNumber}</arg>
<doc>Returns the given values which can then be assigned to a variables.</doc>
<status status="NOT RUN" starttime="20240305 20:15:58.520" endtime="20240305 20:15:58.520"/>
</kw>
<kw name="Set Global Variable" library="BuiltIn">
<arg>${InvoiceNumber}</arg>
<doc>Makes a variable available globally in all tests and suites.</doc>
<status status="NOT RUN" starttime="20240305 20:15:58.521" endtime="20240305 20:15:58.521"/>
</kw>
<kw name="Add Row Data to List">
<arg>${items}</arg>
<status status="NOT RUN" starttime="20240305 20:15:58.521" endtime="20240305 20:15:58.521"/>
</kw>
<status status="NOT RUN" starttime="20240305 20:15:58.504" endtime="20240305 20:15:58.522"/>
</branch>
<status status="PASS" starttime="20240305 20:15:58.468" endtime="20240305 20:15:58.522"/>
</if>
<status status="PASS" starttime="20240305 20:15:58.445" endtime="20240305 20:15:58.522"/>
</branch>
<status status="PASS" starttime="20240305 20:15:58.441" endtime="20240305 20:15:58.522"/>
</if>
<status status="PASS" starttime="20240305 20:15:58.390" endtime="20240305 20:15:58.522"/>
</iter>
<iter>
<var name="${element}">143143,Replacement Products,10,kpl,105,24,252.00,1302.00</var>
<kw name="Log" library="BuiltIn">
<arg>${element}</arg>
<doc>Logs the given message with the given level.</doc>
<msg timestamp="20240305 20:15:58.524" level="INFO">143143,Replacement Products,10,kpl,105,24,252.00,1302.00</msg>
<status status="PASS" starttime="20240305 20:15:58.523" endtime="20240305 20:15:58.524"/>
</kw>
<kw name="Split String" library="String">
<var>@{items}</var>
<arg>${element}</arg>
<arg>,</arg>
<doc>Splits the ``string`` using ``separator`` as a delimiter string.</doc>
<msg timestamp="20240305 20:15:58.525" level="INFO">@{items} = [ 143143 | Replacement Products | 10 | kpl | 105 | 24 | 252.00 | 1302.00 ]</msg>
<status status="PASS" starttime="20240305 20:15:58.524" endtime="20240305 20:15:58.525"/>
</kw>
<kw name="Log" library="BuiltIn">
<arg>${items}</arg>
<doc>Logs the given message with the given level.</doc>
<msg timestamp="20240305 20:15:58.526" level="INFO">['143143', 'Replacement Products', '10', 'kpl', '105', '24', '252.00', '1302.00']</msg>
<status status="PASS" starttime="20240305 20:15:58.525" endtime="20240305 20:15:58.526"/>
</kw>
<kw name="Set Variable" library="BuiltIn">
<var>${rowInvoiceNumber}</var>
<arg>${items}[0]</arg>
<doc>Returns the given values which can then be assigned to a variables.</doc>
<msg timestamp="20240305 20:15:58.528" level="INFO">${rowInvoiceNumber} = 143143</msg>
<status status="PASS" starttime="20240305 20:15:58.527" endtime="20240305 20:15:58.528"/>
</kw>
<kw name="Log" library="BuiltIn">
<arg>${rowInvoiceNumber}</arg>
<doc>Logs the given message with the given level.</doc>
<msg timestamp="20240305 20:15:58.529" level="INFO">143143</msg>
<status status="PASS" starttime="20240305 20:15:58.528" endtime="20240305 20:15:58.529"/>
</kw>
<kw name="Log" library="BuiltIn">
<arg>${InvoiceNumber}</arg>
<doc>Logs the given message with the given level.</doc>
<msg timestamp="20240305 20:15:58.531" level="INFO">143143</msg>
<status status="PASS" starttime="20240305 20:15:58.530" endtime="20240305 20:15:58.531"/>
</kw>
<if>
<branch type="IF" condition="'${rowInvoiceNumber}' == '${InvoiceNumber}'">
<kw name="Log" library="BuiltIn">
<arg>Let's add rows to the invoice</arg>
<doc>Logs the given message with the given level.</doc>
<msg timestamp="20240305 20:15:58.533" level="INFO">Let's add rows to the invoice</msg>
<status status="PASS" starttime="20240305 20:15:58.532" endtime="20240305 20:15:58.533"/>
</kw>
<kw name="Log" library="BuiltIn">
<arg>${items}</arg>
<doc>Logs the given message with the given level.</doc>
<msg timestamp="20240305 20:15:58.536" level="INFO">['143143', 'Replacement Products', '10', 'kpl', '105', '24', '252.00', '1302.00']</msg>
<status status="PASS" starttime="20240305 20:15:58.535" endtime="20240305 20:15:58.536"/>
</kw>
<kw name="Add Row Data to List">
<arg>${items}</arg>
<kw name="Create List" library="BuiltIn">
<var>@{AddInvoiceRowData}</var>
<doc>Returns a list containing given items.</doc>
<msg timestamp="20240305 20:15:58.538" level="INFO">@{AddInvoiceRowData} = [ ]</msg>
<status status="PASS" starttime="20240305 20:15:58.538" endtime="20240305 20:15:58.539"/>
</kw>
<kw name="Append To List" library="Collections">
<arg>${AddInvoiceRowData}</arg>
<arg>${InvoiceNumber}</arg>
<doc>Adds ``values`` to the end of ``list``.</doc>
<status status="PASS" starttime="20240305 20:15:58.539" endtime="20240305 20:15:58.540"/>
</kw>
<kw name="Append To List" library="Collections">
<arg>${AddInvoiceRowData}</arg>
<arg>${items}[1]</arg>
<doc>Adds ``values`` to the end of ``list``.</doc>
<status status="PASS" starttime="20240305 20:15:58.540" endtime="20240305 20:15:58.540"/>
</kw>
<kw name="Append To List" library="Collections">
<arg>${AddInvoiceRowData}</arg>
<arg>${items}[2]</arg>
<doc>Adds ``values`` to the end of ``list``.</doc>
<status status="PASS" starttime="20240305 20:15:58.541" endtime="20240305 20:15:58.541"/>
</kw>
<kw name="Append To List" library="Collections">
<arg>${AddInvoiceRowData}</arg>
<arg>${items}[3]</arg>
<doc>Adds ``values`` to the end of ``list``.</doc>
<status status="PASS" starttime="20240305 20:15:58.542" endtime="20240305 20:15:58.544"/>
</kw>
<kw name="Append To List" library="Collections">
<arg>${AddInvoiceRowData}</arg>
<arg>${items}[4]</arg>
<doc>Adds ``values`` to the end of ``list``.</doc>
<status status="PASS" starttime="20240305 20:15:58.544" endtime="20240305 20:15:58.545"/>
</kw>
<kw name="Append To List" library="Collections">
<arg>${AddInvoiceRowData}</arg>
<arg>${items}[5]</arg>
<doc>Adds ``values`` to the end of ``list``.</doc>
<status status="PASS" starttime="20240305 20:15:58.546" endtime="20240305 20:15:58.547"/>
</kw>
<kw name="Append To List" library="Collections">
<arg>${AddInvoiceRowData}</arg>
<arg>${items}[6]</arg>
<doc>Adds ``values`` to the end of ``list``.</doc>
<status status="PASS" starttime="20240305 20:15:58.548" endtime="20240305 20:15:58.549"/>
</kw>
<kw name="Append To List" library="Collections">
<arg>${AddInvoiceRowData}</arg>
<arg>${items}[7]</arg>
<doc>Adds ``values`` to the end of ``list``.</doc>
<status status="PASS" starttime="20240305 20:15:58.550" endtime="20240305 20:15:58.551"/>
</kw>
<kw name="Append To List" library="Collections">
<arg>${ListToDB}</arg>
<arg>${AddInvoiceRowData}</arg>
<doc>Adds ``values`` to the end of ``list``.</doc>
<status status="PASS" starttime="20240305 20:15:58.551" endtime="20240305 20:15:58.552"/>
</kw>
<status status="PASS" starttime="20240305 20:15:58.537" endtime="20240305 20:15:58.553"/>
</kw>
<status status="PASS" starttime="20240305 20:15:58.531" endtime="20240305 20:15:58.553"/>
</branch>
<branch type="ELSE">
<kw name="Log" library="BuiltIn">
<arg>We need to check if there are already rows in the database list</arg>
<doc>Logs the given message with the given level.</doc>
<status status="NOT RUN" starttime="20240305 20:15:58.554" endtime="20240305 20:15:58.555"/>
</kw>
<kw name="Log" library="BuiltIn">
<arg>${InvoiceNumber}</arg>
<doc>Logs the given message with the given level.</doc>
<status status="NOT RUN" starttime="20240305 20:15:58.555" endtime="20240305 20:15:58.555"/>
</kw>
<kw name="Get Length" library="BuiltIn">
<var>${length}</var>
<arg>${ListToDB}</arg>
<doc>Returns and logs the length of the given item as an integer.</doc>
<status status="NOT RUN" starttime="20240305 20:15:58.556" endtime="20240305 20:15:58.556"/>
</kw>
<if>
<branch type="IF" condition="${length} == ${0}">
<kw name="Log" library="BuiltIn">
<arg>The case of the first invoice</arg>
<doc>Logs the given message with the given level.</doc>
<status status="NOT RUN" starttime="20240305 20:15:58.557" endtime="20240305 20:15:58.557"/>
</kw>
<kw name="Set Variable" library="BuiltIn">
<var>${InvoiceNumber}</var>
<arg>${rowInvoiceNumber}</arg>
<doc>Returns the given values which can then be assigned to a variables.</doc>
<status status="NOT RUN" starttime="20240305 20:15:58.557" endtime="20240305 20:15:58.558"/>
</kw>
<kw name="Set Global Variable" library="BuiltIn">
<arg>${InvoiceNumber}</arg>
<doc>Makes a variable available globally in all tests and suites.</doc>
<status status="NOT RUN" starttime="20240305 20:15:58.558" endtime="20240305 20:15:58.558"/>
</kw>
<kw name="Add Row Data to List">
<arg>${items}</arg>
<status status="NOT RUN" starttime="20240305 20:15:58.559" endtime="20240305 20:15:58.559"/>
</kw>
<status status="NOT RUN" starttime="20240305 20:15:58.556" endtime="20240305 20:15:58.560"/>
</branch>
<branch type="ELSE">
<kw name="Log" library="BuiltIn">
<arg>The invoice changes, the header data must also be processed</arg>
<doc>Logs the given message with the given level.</doc>
<status status="NOT RUN" starttime="20240305 20:15:58.561" endtime="20240305 20:15:58.562"/>
</kw>
<for flavor="IN">
<var>${headerElement}</var>
<value>@{headers}</value>
<iter>
<var name="${headerElement}"/>
<kw name="Split String" library="String">
<var>${headerItems}</var>
<arg>${headerElement}</arg>
<arg>,</arg>
<doc>Splits the ``string`` using ``separator`` as a delimiter string.</doc>
<status status="NOT RUN" starttime="20240305 20:15:58.564" endtime="20240305 20:15:58.565"/>
</kw>
<kw name="Log" library="BuiltIn">
<arg>${headerItems}</arg>
<doc>Logs the given message with the given level.</doc>
<status status="NOT RUN" starttime="20240305 20:15:58.566" endtime="20240305 20:15:58.567"/>
</kw>
<if>
<branch type="IF" condition="'${headerItems}[0]' == '${InvoiceNumber}'">
<kw name="Log" library="BuiltIn">
<arg>The invoice was found</arg>
<doc>Logs the given message with the given level.</doc>
<status status="NOT RUN" starttime="20240305 20:15:58.568" endtime="20240305 20:15:58.569"/>
</kw>
<kw name="Add Invoice Header To DB">
<arg>${headerItems}</arg>
<arg>${ListToDB}</arg>
<status status="NOT RUN" starttime="20240305 20:15:58.569" endtime="20240305 20:15:58.570"/>
</kw>
<for flavor="IN">
<var>${rowElement}</var>
<value>@{ListToDB}</value>
<iter>
<var name="${rowElement}"/>
<kw name="Add Invoice Row To DB">
<arg>${rowElement}</arg>
<status status="NOT RUN" starttime="20240305 20:15:58.571" endtime="20240305 20:15:58.571"/>
</kw>
<status status="NOT RUN" starttime="20240305 20:15:58.570" endtime="20240305 20:15:58.571"/>
</iter>
<status status="NOT RUN" starttime="20240305 20:15:58.570" endtime="20240305 20:15:58.571"/>
</for>
<status status="NOT RUN" starttime="20240305 20:15:58.567" endtime="20240305 20:15:58.572"/>
</branch>
<status status="NOT RUN" starttime="20240305 20:15:58.567" endtime="20240305 20:15:58.572"/>
</if>
<status status="NOT RUN" starttime="20240305 20:15:58.563" endtime="20240305 20:15:58.572"/>
</iter>
<status status="NOT RUN" starttime="20240305 20:15:58.562" endtime="20240305 20:15:58.572"/>
</for>
<kw name="Create List" library="BuiltIn">
<var>@{ListToDB}</var>
<doc>Returns a list containing given items.</doc>
<status status="NOT RUN" starttime="20240305 20:15:58.573" endtime="20240305 20:15:58.573"/>
</kw>
<kw name="Set Global Variable" library="BuiltIn">
<arg>${ListToDB}</arg>
<doc>Makes a variable available globally in all tests and suites.</doc>
<status status="NOT RUN" starttime="20240305 20:15:58.573" endtime="20240305 20:15:58.574"/>
</kw>
<kw name="Set Variable" library="BuiltIn">
<var>${InvoiceNumber}</var>
<arg>${rowInvoiceNumber}</arg>
<doc>Returns the given values which can then be assigned to a variables.</doc>
<status status="NOT RUN" starttime="20240305 20:15:58.574" endtime="20240305 20:15:58.574"/>
</kw>
<kw name="Set Global Variable" library="BuiltIn">
<arg>${InvoiceNumber}</arg>
<doc>Makes a variable available globally in all tests and suites.</doc>
<status status="NOT RUN" starttime="20240305 20:15:58.575" endtime="20240305 20:15:58.576"/>
</kw>
<kw name="Add Row Data to List">
<arg>${items}</arg>
<status status="NOT RUN" starttime="20240305 20:15:58.576" endtime="20240305 20:15:58.576"/>
</kw>
<status status="NOT RUN" starttime="20240305 20:15:58.560" endtime="20240305 20:15:58.577"/>
</branch>
<status status="NOT RUN" starttime="20240305 20:15:58.556" endtime="20240305 20:15:58.577"/>
</if>
<status status="NOT RUN" starttime="20240305 20:15:58.554" endtime="20240305 20:15:58.577"/>
</branch>
<status status="PASS" starttime="20240305 20:15:58.531" endtime="20240305 20:15:58.578"/>
</if>
<status status="PASS" starttime="20240305 20:15:58.523" endtime="20240305 20:15:58.578"/>
</iter>
<iter>
<var name="${element}">1543235,Keyboard Logitech,10,kpl,40.00,24,96.00,496.00</var>
<kw name="Log" library="BuiltIn">
<arg>${element}</arg>
<doc>Logs the given message with the given level.</doc>
<msg timestamp="20240305 20:15:58.580" level="INFO">1543235,Keyboard Logitech,10,kpl,40.00,24,96.00,496.00</msg>
<status status="PASS" starttime="20240305 20:15:58.579" endtime="20240305 20:15:58.581"/>
</kw>
<kw name="Split String" library="String">
<var>@{items}</var>
<arg>${element}</arg>
<arg>,</arg>
<doc>Splits the ``string`` using ``separator`` as a delimiter string.</doc>
<msg timestamp="20240305 20:15:58.582" level="INFO">@{items} = [ 1543235 | Keyboard Logitech | 10 | kpl | 40.00 | 24 | 96.00 | 496.00 ]</msg>
<status status="PASS" starttime="20240305 20:15:58.581" endtime="20240305 20:15:58.583"/>
</kw>
<kw name="Log" library="BuiltIn">
<arg>${items}</arg>
<doc>Logs the given message with the given level.</doc>
<msg timestamp="20240305 20:15:58.585" level="INFO">['1543235', 'Keyboard Logitech', '10', 'kpl', '40.00', '24', '96.00', '496.00']</msg>
<status status="PASS" starttime="20240305 20:15:58.584" endtime="20240305 20:15:58.585"/>
</kw>
<kw name="Set Variable" library="BuiltIn">
<var>${rowInvoiceNumber}</var>
<arg>${items}[0]</arg>
<doc>Returns the given values which can then be assigned to a variables.</doc>
<msg timestamp="20240305 20:15:58.586" level="INFO">${rowInvoiceNumber} = 1543235</msg>
<status status="PASS" starttime="20240305 20:15:58.586" endtime="20240305 20:15:58.587"/>
</kw>
<kw name="Log" library="BuiltIn">
<arg>${rowInvoiceNumber}</arg>
<doc>Logs the given message with the given level.</doc>
<msg timestamp="20240305 20:15:58.588" level="INFO">1543235</msg>
<status status="PASS" starttime="20240305 20:15:58.587" endtime="20240305 20:15:58.588"/>
</kw>
<kw name="Log" library="BuiltIn">
<arg>${InvoiceNumber}</arg>
<doc>Logs the given message with the given level.</doc>
<msg timestamp="20240305 20:15:58.590" level="INFO">143143</msg>
<status status="PASS" starttime="20240305 20:15:58.589" endtime="20240305 20:15:58.590"/>
</kw>
<if>
<branch type="IF" condition="'${rowInvoiceNumber}' == '${InvoiceNumber}'">
<kw name="Log" library="BuiltIn">
<arg>Let's add rows to the invoice</arg>
<doc>Logs the given message with the given level.</doc>
<status status="NOT RUN" starttime="20240305 20:15:58.592" endtime="20240305 20:15:58.592"/>
</kw>
<kw name="Log" library="BuiltIn">
<arg>${items}</arg>
<doc>Logs the given message with the given level.</doc>
<status status="NOT RUN" starttime="20240305 20:15:58.593" endtime="20240305 20:15:58.594"/>
</kw>
<kw name="Add Row Data to List">
<arg>${items}</arg>
<status status="NOT RUN" starttime="20240305 20:15:58.594" endtime="20240305 20:15:58.595"/>
</kw>
<status status="NOT RUN" starttime="20240305 20:15:58.591" endtime="20240305 20:15:58.595"/>
</branch>
<branch type="ELSE">
<kw name="Log" library="BuiltIn">
<arg>We need to check if there are already rows in the database list</arg>
<doc>Logs the given message with the given level.</doc>
<msg timestamp="20240305 20:15:58.597" level="INFO">We need to check if there are already rows in the database list</msg>
<status status="PASS" starttime="20240305 20:15:58.596" endtime="20240305 20:15:58.598"/>
</kw>
<kw name="Log" library="BuiltIn">
<arg>${InvoiceNumber}</arg>
<doc>Logs the given message with the given level.</doc>
<msg timestamp="20240305 20:15:58.599" level="INFO">143143</msg>
<status status="PASS" starttime="20240305 20:15:58.598" endtime="20240305 20:15:58.600"/>
</kw>
<kw name="Get Length" library="BuiltIn">
<var>${length}</var>
<arg>${ListToDB}</arg>
<doc>Returns and logs the length of the given item as an integer.</doc>
<msg timestamp="20240305 20:15:58.601" level="INFO">Length is 2</msg>
<msg timestamp="20240305 20:15:58.602" level="INFO">${length} = 2</msg>
<status status="PASS" starttime="20240305 20:15:58.600" endtime="20240305 20:15:58.602"/>
</kw>
<if>
<branch type="IF" condition="${length} == ${0}">
<kw name="Log" library="BuiltIn">
<arg>The case of the first invoice</arg>
<doc>Logs the given message with the given level.</doc>
<status status="NOT RUN" starttime="20240305 20:15:58.604" endtime="20240305 20:15:58.605"/>
</kw>
<kw name="Set Variable" library="BuiltIn">
<var>${InvoiceNumber}</var>
<arg>${rowInvoiceNumber}</arg>
<doc>Returns the given values which can then be assigned to a variables.</doc>
<status status="NOT RUN" starttime="20240305 20:15:58.605" endtime="20240305 20:15:58.605"/>
</kw>
<kw name="Set Global Variable" library="BuiltIn">
<arg>${InvoiceNumber}</arg>
<doc>Makes a variable available globally in all tests and suites.</doc>
<status status="NOT RUN" starttime="20240305 20:15:58.606" endtime="20240305 20:15:58.606"/>
</kw>
<kw name="Add Row Data to List">
<arg>${items}</arg>
<status status="NOT RUN" starttime="20240305 20:15:58.606" endtime="20240305 20:15:58.606"/>
</kw>
<status status="NOT RUN" starttime="20240305 20:15:58.603" endtime="20240305 20:15:58.607"/>
</branch>
<branch type="ELSE">
<kw name="Log" library="BuiltIn">
<arg>The invoice changes, the header data must also be processed</arg>
<doc>Logs the given message with the given level.</doc>
<msg timestamp="20240305 20:15:58.609" level="INFO">The invoice changes, the header data must also be processed</msg>
<status status="PASS" starttime="20240305 20:15:58.608" endtime="20240305 20:15:58.609"/>
</kw>
<for flavor="IN">
<var>${headerElement}</var>
<value>@{headers}</value>
<iter>
<var name="${headerElement}">143143,1234567-8,1431432,FI12 3456 7890 1234 56,15.12.2022,1350,324,1674</var>
<kw name="Split String" library="String">
<var>${headerItems}</var>
<arg>${headerElement}</arg>
<arg>,</arg>
<doc>Splits the ``string`` using ``separator`` as a delimiter string.</doc>
<msg timestamp="20240305 20:15:58.615" level="INFO">${headerItems} = ['143143', '1234567-8', '1431432', 'FI12 3456 7890 1234 56', '15.12.2022', '1350', '324', '1674']</msg>
<status status="PASS" starttime="20240305 20:15:58.612" endtime="20240305 20:15:58.615"/>
</kw>
<kw name="Log" library="BuiltIn">
<arg>${headerItems}</arg>
<doc>Logs the given message with the given level.</doc>
<msg timestamp="20240305 20:15:58.617" level="INFO">['143143', '1234567-8', '1431432', 'FI12 3456 7890 1234 56', '15.12.2022', '1350', '324', '1674']</msg>
<status status="PASS" starttime="20240305 20:15:58.616" endtime="20240305 20:15:58.618"/>
</kw>
<if>
<branch type="IF" condition="'${headerItems}[0]' == '${InvoiceNumber}'">
<kw name="Log" library="BuiltIn">
<arg>The invoice was found</arg>
<doc>Logs the given message with the given level.</doc>
<msg timestamp="20240305 20:15:58.620" level="INFO">The invoice was found</msg>
<status status="PASS" starttime="20240305 20:15:58.619" endtime="20240305 20:15:58.621"/>
</kw>
<kw name="Add Invoice Header To DB">
<arg>${headerItems}</arg>
<arg>${ListToDB}</arg>
<kw name="Make Connection">
<arg>${dbname}</arg>
<kw name="Connect To Database" library="DatabaseLibrary">
<arg>dbapiModuleName=pymysql</arg>
<arg>dbName=${dbtoconnect}</arg>
<arg>dbUsername=${dbuser}</arg>
<arg>dbPassword=${dbpass}</arg>
<arg>dbHost=${dbhost}</arg>
<arg>dbPort=${dbport}</arg>
<doc>Loads the DB API 2.0 module given ``dbapiModuleName`` then uses it to
connect to the database using provided parameters such as ``dbName``, ``dbUsername``, and ``dbPassword``.</doc>
<msg timestamp="20240305 20:15:58.819" level="INFO">Connecting using : pymysql.connect(db=rpacourse2, user=robotuser, passwd=***, host=localhost, port=3306, charset=None)</msg>
<status status="PASS" starttime="20240305 20:15:58.626" endtime="20240305 20:15:58.840"/>
</kw>
<status status="PASS" starttime="20240305 20:15:58.624" endtime="20240305 20:15:58.841"/>
</kw>
<kw name="Convert Date" library="DateTime">
<var>${dueDate}</var>
<arg>${items}[4]</arg>
<arg>date_format=%d.%m.%Y</arg>
<arg>result_format=%Y-%m-%d</arg>
<doc>Converts between supported `date formats`.</doc>
<msg timestamp="20240305 20:15:58.849" level="INFO">${dueDate} = 2022-12-15</msg>
<status status="PASS" starttime="20240305 20:15:58.841" endtime="20240305 20:15:58.849"/>
</kw>
<kw name="Set Variable" library="BuiltIn">
<var>${statusOfInvoice}</var>
<arg>0</arg>
<doc>Returns the given values which can then be assigned to a variables.</doc>
<msg timestamp="20240305 20:15:58.851" level="INFO">${statusOfInvoice} = 0</msg>
<status status="PASS" starttime="20240305 20:15:58.850" endtime="20240305 20:15:58.851"/>
</kw>
<kw name="Set Variable" library="BuiltIn">
<var>${commentOfInvoice}</var>
<arg>All ok</arg>
<doc>Returns the given values which can then be assigned to a variables.</doc>
<msg timestamp="20240305 20:15:58.852" level="INFO">${commentOfInvoice} = All ok</msg>
<status status="PASS" starttime="20240305 20:15:58.852" endtime="20240305 20:15:58.852"/>
</kw>
<kw name="Is Ref Correct" library="validate">
<var>${refResult}</var>
<arg>${items}[2]</arg>
<msg timestamp="20240305 20:15:58.853" level="INFO">${refResult} = True</msg>
<status status="PASS" starttime="20240305 20:15:58.853" endtime="20240305 20:15:58.853"/>
</kw>
<if>
<branch type="IF" condition="not ${refResult}">
<kw name="Set Variable" library="BuiltIn">
<var>${statusOfInvoice}</var>
<arg>1</arg>
<doc>Returns the given values which can then be assigned to a variables.</doc>
<status status="NOT RUN" starttime="20240305 20:15:58.855" endtime="20240305 20:15:58.855"/>
</kw>
<kw name="Set Variable" library="BuiltIn">
<var>${commentOfInvoice}</var>
<arg>Reference number error</arg>
<doc>Returns the given values which can then be assigned to a variables.</doc>
<status status="NOT RUN" starttime="20240305 20:15:58.855" endtime="20240305 20:15:58.856"/>
</kw>
<status status="NOT RUN" starttime="20240305 20:15:58.854" endtime="20240305 20:15:58.856"/>
</branch>
<status status="PASS" starttime="20240305 20:15:58.854" endtime="20240305 20:15:58.856"/>
</if>
<kw name="Check IBAN">
<var>${ibanResult}</var>
<arg>${items}[3]</arg>
<kw name="Set Variable" library="BuiltIn">
<var>${status}</var>
<arg>${False}</arg>
<doc>Returns the given values which can then be assigned to a variables.</doc>
<msg timestamp="20240305 20:15:58.858" level="INFO">${status} = False</msg>
<status status="PASS" starttime="20240305 20:15:58.858" endtime="20240305 20:15:58.858"/>
</kw>
<kw name="Remove String" library="String">
<var>${iban}</var>
<arg>${iban}</arg>
<arg>${SPACE}</arg>
<doc>Removes all ``removables`` from the given ``string``.</doc>
<msg timestamp="20240305 20:15:58.859" level="INFO">${iban} = FI1234567890123456</msg>
<status status="PASS" starttime="20240305 20:15:58.859" endtime="20240305 20:15:58.860"/>
</kw>
<kw name="Get Length" library="BuiltIn">
<var>${length}</var>
<arg>${iban}</arg>
<doc>Returns and logs the length of the given item as an integer.</doc>
<msg timestamp="20240305 20:15:58.861" level="INFO">Length is 18</msg>
<msg timestamp="20240305 20:15:58.862" level="INFO">${length} = 18</msg>
<status status="PASS" starttime="20240305 20:15:58.860" endtime="20240305 20:15:58.862"/>
</kw>
<if>
<branch type="IF" condition="${length} == 18">
<kw name="Set Variable" library="BuiltIn">
<var>${status}</var>
<arg>${True}</arg>
<doc>Returns the given values which can then be assigned to a variables.</doc>
<msg timestamp="20240305 20:15:58.865" level="INFO">${status} = True</msg>
<status status="PASS" starttime="20240305 20:15:58.864" endtime="20240305 20:15:58.866"/>
</kw>
<status status="PASS" starttime="20240305 20:15:58.863" endtime="20240305 20:15:58.867"/>
</branch>
<status status="PASS" starttime="20240305 20:15:58.863" endtime="20240305 20:15:58.867"/>
</if>
<msg timestamp="20240305 20:15:58.868" level="INFO">${ibanResult} = True</msg>
<status status="PASS" starttime="20240305 20:15:58.857" endtime="20240305 20:15:58.868"/>
</kw>
<if>
<branch type="IF" condition="not ${ibanResult}">
<kw name="Set Variable" library="BuiltIn">
<var>${statusOfInvoice}</var>
<arg>2</arg>
<doc>Returns the given values which can then be assigned to a variables.</doc>
<status status="NOT RUN" starttime="20240305 20:15:58.870" endtime="20240305 20:15:58.870"/>
</kw>
<kw name="Set Variable" library="BuiltIn">
<var>${commentOfInvoice}</var>
<arg>IBAN number error</arg>
<doc>Returns the given values which can then be assigned to a variables.</doc>
<status status="NOT RUN" starttime="20240305 20:15:58.871" endtime="20240305 20:15:58.872"/>
</kw>
<status status="NOT RUN" starttime="20240305 20:15:58.869" endtime="20240305 20:15:58.872"/>
</branch>
<status status="PASS" starttime="20240305 20:15:58.869" endtime="20240305 20:15:58.872"/>
</if>
<kw name="Check Amounts From Invoice">
<var>${sumResult}</var>
<arg>${items}[7]</arg>
<arg>${rows}</arg>
<kw name="Set Variable" library="BuiltIn">
<var>${status}</var>
<arg>${False}</arg>
<doc>Returns the given values which can then be assigned to a variables.</doc>
<msg timestamp="20240305 20:15:58.875" level="INFO">${status} = False</msg>
<status status="PASS" starttime="20240305 20:15:58.874" endtime="20240305 20:15:58.897"/>
</kw>
<kw name="Evaluate" library="BuiltIn">
<var>${totalRowsAmount}</var>
<arg>0</arg>
<doc>Evaluates the given expression in Python and returns the result.</doc>
<msg timestamp="20240305 20:15:58.899" level="INFO">${totalRowsAmount} = 0</msg>
<status status="PASS" starttime="20240305 20:15:58.898" endtime="20240305 20:15:58.899"/>
</kw>
<for flavor="IN">
<var>${element}</var>
<value>@{invoiceRows}</value>
<iter>
<var name="${element}">['143143', 'Installation Services', '5', 'h', '60', '24', '72.00', '372.00']</var>
<kw name="Log To Console" library="BuiltIn">
<arg>${element}[6]</arg>
<doc>Logs the given message to the console.</doc>
<status status="PASS" starttime="20240305 20:15:58.902" endtime="20240305 20:15:58.904"/>
</kw>
<kw name="Evaluate" library="BuiltIn">
<var>${totalRowsAmount}</var>
<arg>${totalRowsAmount}+${element}[7]</arg>
<doc>Evaluates the given expression in Python and returns the result.</doc>
<msg timestamp="20240305 20:15:58.906" level="INFO">${totalRowsAmount} = 372.0</msg>
<status status="PASS" starttime="20240305 20:15:58.905" endtime="20240305 20:15:58.906"/>
</kw>
<status status="PASS" starttime="20240305 20:15:58.901" endtime="20240305 20:15:58.907"/>
</iter>
<iter>
<var name="${element}">['143143', 'Replacement Products', '10', 'kpl', '105', '24', '252.00', '1302.00']</var>
<kw name="Log To Console" library="BuiltIn">
<arg>${element}[6]</arg>
<doc>Logs the given message to the console.</doc>
<status status="PASS" starttime="20240305 20:15:58.908" endtime="20240305 20:15:58.918"/>
</kw>
<kw name="Evaluate" library="BuiltIn">
<var>${totalRowsAmount}</var>
<arg>${totalRowsAmount}+${element}[7]</arg>
<doc>Evaluates the given expression in Python and returns the result.</doc>
<msg timestamp="20240305 20:15:58.920" level="INFO">${totalRowsAmount} = 1674.0</msg>
<status status="PASS" starttime="20240305 20:15:58.919" endtime="20240305 20:15:58.921"/>
</kw>
<status status="PASS" starttime="20240305 20:15:58.907" endtime="20240305 20:15:58.921"/>
</iter>
<status status="PASS" starttime="20240305 20:15:58.900" endtime="20240305 20:15:58.921"/>
</for>
<kw name="Convert To Number" library="BuiltIn">
<var>${totalSumFromHeader}</var>
<arg>${totalSumFromHeader}</arg>
<doc>Converts the given item to a floating point number.</doc>
<msg timestamp="20240305 20:15:58.924" level="INFO">${totalSumFromHeader} = 1674.0</msg>
<status status="PASS" starttime="20240305 20:15:58.922" endtime="20240305 20:15:58.924"/>
</kw>
<kw name="Convert To Number" library="BuiltIn">
<var>${totalRowsAmount}</var>
<arg>${totalRowsAmount}</arg>
<doc>Converts the given item to a floating point number.</doc>
<msg timestamp="20240305 20:15:58.926" level="INFO">${totalRowsAmount} = 1674.0</msg>
<status status="PASS" starttime="20240305 20:15:58.925" endtime="20240305 20:15:58.927"/>
</kw>
<kw name="Convert To Number" library="BuiltIn">
<var>${diff}</var>
<arg>0.01</arg>
<doc>Converts the given item to a floating point number.</doc>
<msg timestamp="20240305 20:15:58.929" level="INFO">${diff} = 0.01</msg>
<status status="PASS" starttime="20240305 20:15:58.928" endtime="20240305 20:15:58.931"/>
</kw>
<kw name="Is Equal" library="validate">
<var>${status}</var>
<arg>${totalSumFromHeader}</arg>
<arg>${totalRowsAmount}</arg>
<arg>${diff}</arg>
<msg timestamp="20240305 20:15:58.933" level="INFO">${status} = True</msg>
<status status="PASS" starttime="20240305 20:15:58.932" endtime="20240305 20:15:58.934"/>
</kw>
<msg timestamp="20240305 20:15:58.935" level="INFO">${sumResult} = True</msg>
<status status="PASS" starttime="20240305 20:15:58.873" endtime="20240305 20:15:58.935"/>
</kw>
<if>
<branch type="IF" condition="not ${sumResult}">
<kw name="Set Variable" library="BuiltIn">
<var>${statusOfInvoice}</var>
<arg>3</arg>
<doc>Returns the given values which can then be assigned to a variables.</doc>
<status status="NOT RUN" starttime="20240305 20:15:58.937" endtime="20240305 20:15:58.937"/>
</kw>
<kw name="Set Variable" library="BuiltIn">
<var>${commentOfInvoice}</var>
<arg>Amount difference</arg>
<doc>Returns the given values which can then be assigned to a variables.</doc>
<status status="NOT RUN" starttime="20240305 20:15:58.938" endtime="20240305 20:15:58.939"/>
</kw>
<status status="NOT RUN" starttime="20240305 20:15:58.936" endtime="20240305 20:15:58.939"/>
</branch>
<status status="PASS" starttime="20240305 20:15:58.935" endtime="20240305 20:15:58.939"/>
</if>
<kw name="Evaluate" library="BuiltIn">
<var>${amountexc}</var>
<arg>round(${items}[5])</arg>
<doc>Evaluates the given expression in Python and returns the result.</doc>
<msg timestamp="20240305 20:15:58.966" level="INFO">${amountexc} = 1350</msg>
<status status="PASS" starttime="20240305 20:15:58.941" endtime="20240305 20:15:58.966"/>
</kw>
<kw name="Set Variable" library="BuiltIn">
<var>${foreignKeyChecks0}</var>
<arg>SET FOREIGN_KEY_CHECKS=0;</arg>
<doc>Returns the given values which can then be assigned to a variables.</doc>
<msg timestamp="20240305 20:15:58.970" level="INFO">${foreignKeyChecks0} = SET FOREIGN_KEY_CHECKS=0;</msg>
<status status="PASS" starttime="20240305 20:15:58.967" endtime="20240305 20:15:58.970"/>
</kw>
<kw name="Set Variable" library="BuiltIn">
<var>${insertStmt}</var>
<arg>insert into invoiceheaders (invoiceNumber, companyCode, referenceNumber, ibanNumber, duedate, amountExcl, vat, totalAmount, invoicestatus_id, comments) values ('${items}[0]', '${items}[1]', '${items}[2]', '${items}[3]', '${dueDate}', '${amountexc}', '${items}[6]', '${items}[7]','${statusOfInvoice}', '${commentOfInvoice}');</arg>
<doc>Returns the given values which can then be assigned to a variables.</doc>
<msg timestamp="20240305 20:15:58.973" level="INFO">${insertStmt} = insert into invoiceheaders (invoiceNumber, companyCode, referenceNumber, ibanNumber, duedate, amountExcl, vat, totalAmount, invoicestatus_id, comments) values ('143143', '1234567-8', '1431432', 'FI12 ...</msg>
<status status="PASS" starttime="20240305 20:15:58.971" endtime="20240305 20:15:58.975"/>
</kw>
<kw name="Execute Sql String" library="DatabaseLibrary">
<arg>${foreignKeyChecks0}</arg>
<doc>Executes the ``sqlString`` as a single SQL command.</doc>
<msg timestamp="20240305 20:15:58.976" level="INFO">Executing : Execute SQL String  |  SET FOREIGN_KEY_CHECKS=0;</msg>
<status status="PASS" starttime="20240305 20:15:58.975" endtime="20240305 20:15:58.977"/>
</kw>
<kw name="Execute Sql String" library="DatabaseLibrary">
<arg>${insertStmt}</arg>
<doc>Executes the ``sqlString`` as a single SQL command.</doc>
<msg timestamp="20240305 20:15:58.980" level="INFO">Executing : Execute SQL String  |  insert into invoiceheaders (invoiceNumber, companyCode, referenceNumber, ibanNumber, duedate, amountExcl, vat, totalAmount, invoicestatus_id, comments) values ('143143', '1234567-8', '1431432', 'FI12 3456 7890 1234 56', '2022-12-15', '1350', '324', '1674','0', 'All ok');</msg>
<status status="PASS" starttime="20240305 20:15:58.978" endtime="20240305 20:15:58.988"/>
</kw>
<status status="PASS" starttime="20240305 20:15:58.622" endtime="20240305 20:15:58.988"/>
</kw>
<for flavor="IN">
<var>${rowElement}</var>
<value>@{ListToDB}</value>
<iter>
<var name="${rowElement}">['143143', 'Installation Services', '5', 'h', '60', '24', '72.00', '372.00']</var>
<kw name="Add Invoice Row To DB">
<arg>${rowElement}</arg>
<kw name="Make Connection">
<arg>${dbname}</arg>
<kw name="Connect To Database" library="DatabaseLibrary">
<arg>dbapiModuleName=pymysql</arg>
<arg>dbName=${dbtoconnect}</arg>
<arg>dbUsername=${dbuser}</arg>
<arg>dbPassword=${dbpass}</arg>
<arg>dbHost=${dbhost}</arg>
<arg>dbPort=${dbport}</arg>
<doc>Loads the DB API 2.0 module given ``dbapiModuleName`` then uses it to
connect to the database using provided parameters such as ``dbName``, ``dbUsername``, and ``dbPassword``.</doc>
<msg timestamp="20240305 20:15:59.001" level="INFO">Connecting using : pymysql.connect(db=rpacourse2, user=robotuser, passwd=***, host=localhost, port=3306, charset=None)</msg>
<msg timestamp="20240305 20:15:59.014" level="WARN">Overwriting not closed connection.</msg>
<status status="PASS" starttime="20240305 20:15:58.993" endtime="20240305 20:15:59.018"/>
</kw>
<status status="PASS" starttime="20240305 20:15:58.992" endtime="20240305 20:15:59.019"/>
</kw>
<kw name="Set Variable" library="BuiltIn">
<var>${insertStmt}</var>
<arg>insert into invoicerows (invoiceNumber, item, quantity, unit, unitPrice, vatPercent, lineVat, lineItemAmount) values ('${items}[0]', '${items}[1]', '${items}[2]', '${items}[3]', '${items}[4]', '${items}[5]', '${items}[6]', '${items}[7]');</arg>
<doc>Returns the given values which can then be assigned to a variables.</doc>
<msg timestamp="20240305 20:15:59.021" level="INFO">${insertStmt} = insert into invoicerows (invoiceNumber, item, quantity, unit, unitPrice, vatPercent, lineVat, lineItemAmount) values ('143143', 'Installation Services', '5', 'h', '60', '24', '72.00', '372.00');</msg>
<status status="PASS" starttime="20240305 20:15:59.020" endtime="20240305 20:15:59.022"/>
</kw>
<kw name="Execute Sql String" library="DatabaseLibrary">
<arg>${insertStmt}</arg>
<doc>Executes the ``sqlString`` as a single SQL command.</doc>
<msg timestamp="20240305 20:15:59.024" level="INFO">Executing : Execute SQL String  |  insert into invoicerows (invoiceNumber, item, quantity, unit, unitPrice, vatPercent, lineVat, lineItemAmount) values ('143143', 'Installation Services', '5', 'h', '60', '24', '72.00', '372.00');</msg>
<status status="PASS" starttime="20240305 20:15:59.023" endtime="20240305 20:15:59.033"/>
</kw>
<status status="PASS" starttime="20240305 20:15:58.991" endtime="20240305 20:15:59.033"/>
</kw>
<status status="PASS" starttime="20240305 20:15:58.990" endtime="20240305 20:15:59.034"/>
</iter>
<iter>
<var name="${rowElement}">['143143', 'Replacement Products', '10', 'kpl', '105', '24', '252.00', '1302.00']</var>
<kw name="Add Invoice Row To DB">
<arg>${rowElement}</arg>
<kw name="Make Connection">
<arg>${dbname}</arg>
<kw name="Connect To Database" library="DatabaseLibrary">
<arg>dbapiModuleName=pymysql</arg>
<arg>dbName=${dbtoconnect}</arg>
<arg>dbUsername=${dbuser}</arg>
<arg>dbPassword=${dbpass}</arg>
<arg>dbHost=${dbhost}</arg>
<arg>dbPort=${dbport}</arg>
<doc>Loads the DB API 2.0 module given ``dbapiModuleName`` then uses it to
connect to the database using provided parameters such as ``dbName``, ``dbUsername``, and ``dbPassword``.</doc>
<msg timestamp="20240305 20:15:59.045" level="INFO">Connecting using : pymysql.connect(db=rpacourse2, user=robotuser, passwd=***, host=localhost, port=3306, charset=None)</msg>
<msg timestamp="20240305 20:15:59.052" level="WARN">Overwriting not closed connection.</msg>
<status status="PASS" starttime="20240305 20:15:59.039" endtime="20240305 20:15:59.054"/>
</kw>
<status status="PASS" starttime="20240305 20:15:59.037" endtime="20240305 20:15:59.055"/>
</kw>
<kw name="Set Variable" library="BuiltIn">
<var>${insertStmt}</var>
<arg>insert into invoicerows (invoiceNumber, item, quantity, unit, unitPrice, vatPercent, lineVat, lineItemAmount) values ('${items}[0]', '${items}[1]', '${items}[2]', '${items}[3]', '${items}[4]', '${items}[5]', '${items}[6]', '${items}[7]');</arg>
<doc>Returns the given values which can then be assigned to a variables.</doc>
<msg timestamp="20240305 20:15:59.058" level="INFO">${insertStmt} = insert into invoicerows (invoiceNumber, item, quantity, unit, unitPrice, vatPercent, lineVat, lineItemAmount) values ('143143', 'Replacement Products', '10', 'kpl', '105', '24', '252.00', '1302.00');</msg>
<status status="PASS" starttime="20240305 20:15:59.056" endtime="20240305 20:15:59.058"/>
</kw>
<kw name="Execute Sql String" library="DatabaseLibrary">
<arg>${insertStmt}</arg>
<doc>Executes the ``sqlString`` as a single SQL command.</doc>
<msg timestamp="20240305 20:15:59.060" level="INFO">Executing : Execute SQL String  |  insert into invoicerows (invoiceNumber, item, quantity, unit, unitPrice, vatPercent, lineVat, lineItemAmount) values ('143143', 'Replacement Products', '10', 'kpl', '105', '24', '252.00', '1302.00');</msg>
<status status="PASS" starttime="20240305 20:15:59.059" endtime="20240305 20:15:59.065"/>
</kw>
<status status="PASS" starttime="20240305 20:15:59.036" endtime="20240305 20:15:59.065"/>
</kw>
<status status="PASS" starttime="20240305 20:15:59.035" endtime="20240305 20:15:59.066"/>
</iter>
<status status="PASS" starttime="20240305 20:15:58.990" endtime="20240305 20:15:59.067"/>
</for>
<status status="PASS" starttime="20240305 20:15:58.618" endtime="20240305 20:15:59.067"/>
</branch>
<status status="PASS" starttime="20240305 20:15:58.618" endtime="20240305 20:15:59.068"/>
</if>
<status status="PASS" starttime="20240305 20:15:58.611" endtime="20240305 20:15:59.068"/>
</iter>
<iter>
<var name="${headerElement}">1543235,1234567-9,15432359,FI05 1234 5600 7891 01,15.10.2022,465,111.6,576.6</var>
<kw name="Split String" library="String">
<var>${headerItems}</var>
<arg>${headerElement}</arg>
<arg>,</arg>
<doc>Splits the ``string`` using ``separator`` as a delimiter string.</doc>
<msg timestamp="20240305 20:15:59.070" level="INFO">${headerItems} = ['1543235', '1234567-9', '15432359', 'FI05 1234 5600 7891 01', '15.10.2022', '465', '111.6', '576.6']</msg>
<status status="PASS" starttime="20240305 20:15:59.069" endtime="20240305 20:15:59.071"/>
</kw>
<kw name="Log" library="BuiltIn">
<arg>${headerItems}</arg>
<doc>Logs the given message with the given level.</doc>
<msg timestamp="20240305 20:15:59.072" level="INFO">['1543235', '1234567-9', '15432359', 'FI05 1234 5600 7891 01', '15.10.2022', '465', '111.6', '576.6']</msg>
<status status="PASS" starttime="20240305 20:15:59.072" endtime="20240305 20:15:59.073"/>
</kw>
<if>
<branch type="IF" condition="'${headerItems}[0]' == '${InvoiceNumber}'">
<kw name="Log" library="BuiltIn">
<arg>The invoice was found</arg>
<doc>Logs the given message with the given level.</doc>
<status status="NOT RUN" starttime="20240305 20:15:59.074" endtime="20240305 20:15:59.075"/>
</kw>
<kw name="Add Invoice Header To DB">
<arg>${headerItems}</arg>
<arg>${ListToDB}</arg>
<status status="NOT RUN" starttime="20240305 20:15:59.075" endtime="20240305 20:15:59.076"/>
</kw>
<for flavor="IN">
<var>${rowElement}</var>
<value>@{ListToDB}</value>
<iter>
<var name="${rowElement}"/>
<kw name="Add Invoice Row To DB">
<arg>${rowElement}</arg>
<status status="NOT RUN" starttime="20240305 20:15:59.077" endtime="20240305 20:15:59.077"/>
</kw>
<status status="NOT RUN" starttime="20240305 20:15:59.077" endtime="20240305 20:15:59.078"/>
</iter>
<status status="NOT RUN" starttime="20240305 20:15:59.076" endtime="20240305 20:15:59.078"/>
</for>
<status status="NOT RUN" starttime="20240305 20:15:59.074" endtime="20240305 20:15:59.079"/>
</branch>
<status status="PASS" starttime="20240305 20:15:59.073" endtime="20240305 20:15:59.079"/>
</if>
<status status="PASS" starttime="20240305 20:15:59.069" endtime="20240305 20:15:59.080"/>
</iter>
<iter>
<var name="${headerElement}">153143,1234567-8,1531439,FI12 3456 7890 1234 56,15.12.2022,2700,648,3348</var>
<kw name="Split String" library="String">
<var>${headerItems}</var>
<arg>${headerElement}</arg>
<arg>,</arg>
<doc>Splits the ``string`` using ``separator`` as a delimiter string.</doc>
<msg timestamp="20240305 20:15:59.082" level="INFO">${headerItems} = ['153143', '1234567-8', '1531439', 'FI12 3456 7890 1234 56', '15.12.2022', '2700', '648', '3348']</msg>
<status status="PASS" starttime="20240305 20:15:59.081" endtime="20240305 20:15:59.082"/>
</kw>
<kw name="Log" library="BuiltIn">
<arg>${headerItems}</arg>
<doc>Logs the given message with the given level.</doc>
<msg timestamp="20240305 20:15:59.084" level="INFO">['153143', '1234567-8', '1531439', 'FI12 3456 7890 1234 56', '15.12.2022', '2700', '648', '3348']</msg>
<status status="PASS" starttime="20240305 20:15:59.083" endtime="20240305 20:15:59.084"/>
</kw>
<if>
<branch type="IF" condition="'${headerItems}[0]' == '${InvoiceNumber}'">
<kw name="Log" library="BuiltIn">
<arg>The invoice was found</arg>
<doc>Logs the given message with the given level.</doc>
<status status="NOT RUN" starttime="20240305 20:15:59.086" endtime="20240305 20:15:59.086"/>
</kw>
<kw name="Add Invoice Header To DB">
<arg>${headerItems}</arg>
<arg>${ListToDB}</arg>
<status status="NOT RUN" starttime="20240305 20:15:59.087" endtime="20240305 20:15:59.088"/>
</kw>
<for flavor="IN">
<var>${rowElement}</var>
<value>@{ListToDB}</value>
<iter>
<var name="${rowElement}"/>
<kw name="Add Invoice Row To DB">
<arg>${rowElement}</arg>
<status status="NOT RUN" starttime="20240305 20:15:59.089" endtime="20240305 20:15:59.090"/>
</kw>
<status status="NOT RUN" starttime="20240305 20:15:59.089" endtime="20240305 20:15:59.090"/>
</iter>
<status status="NOT RUN" starttime="20240305 20:15:59.088" endtime="20240305 20:15:59.090"/>
</for>
<status status="NOT RUN" starttime="20240305 20:15:59.085" endtime="20240305 20:15:59.090"/>
</branch>
<status status="PASS" starttime="20240305 20:15:59.085" endtime="20240305 20:15:59.091"/>
</if>
<status status="PASS" starttime="20240305 20:15:59.080" endtime="20240305 20:15:59.091"/>
</iter>
<status status="PASS" starttime="20240305 20:15:58.610" endtime="20240305 20:15:59.091"/>
</for>
<kw name="Create List" library="BuiltIn">
<var>@{ListToDB}</var>
<doc>Returns a list containing given items.</doc>
<msg timestamp="20240305 20:15:59.092" level="INFO">@{ListToDB} = [ ]</msg>
<status status="PASS" starttime="20240305 20:15:59.091" endtime="20240305 20:15:59.092"/>
</kw>
<kw name="Set Global Variable" library="BuiltIn">
<arg>${ListToDB}</arg>
<doc>Makes a variable available globally in all tests and suites.</doc>
<msg timestamp="20240305 20:15:59.093" level="INFO">${ListToDB} = []</msg>
<status status="PASS" starttime="20240305 20:15:59.092" endtime="20240305 20:15:59.093"/>
</kw>
<kw name="Set Variable" library="BuiltIn">
<var>${InvoiceNumber}</var>
<arg>${rowInvoiceNumber}</arg>
<doc>Returns the given values which can then be assigned to a variables.</doc>
<msg timestamp="20240305 20:15:59.094" level="INFO">${InvoiceNumber} = 1543235</msg>
<status status="PASS" starttime="20240305 20:15:59.094" endtime="20240305 20:15:59.095"/>
</kw>
<kw name="Set Global Variable" library="BuiltIn">
<arg>${InvoiceNumber}</arg>
<doc>Makes a variable available globally in all tests and suites.</doc>
<msg timestamp="20240305 20:15:59.097" level="INFO">${InvoiceNumber} = 1543235</msg>
<status status="PASS" starttime="20240305 20:15:59.095" endtime="20240305 20:15:59.097"/>
</kw>
<kw name="Add Row Data to List">
<arg>${items}</arg>
<kw name="Create List" library="BuiltIn">
<var>@{AddInvoiceRowData}</var>
<doc>Returns a list containing given items.</doc>
<msg timestamp="20240305 20:15:59.099" level="INFO">@{AddInvoiceRowData} = [ ]</msg>
<status status="PASS" starttime="20240305 20:15:59.098" endtime="20240305 20:15:59.099"/>
</kw>
<kw name="Append To List" library="Collections">
<arg>${AddInvoiceRowData}</arg>
<arg>${InvoiceNumber}</arg>
<doc>Adds ``values`` to the end of ``list``.</doc>
<status status="PASS" starttime="20240305 20:15:59.100" endtime="20240305 20:15:59.100"/>
</kw>
<kw name="Append To List" library="Collections">
<arg>${AddInvoiceRowData}</arg>
<arg>${items}[1]</arg>
<doc>Adds ``values`` to the end of ``list``.</doc>
<status status="PASS" starttime="20240305 20:15:59.101" endtime="20240305 20:15:59.101"/>
</kw>
<kw name="Append To List" library="Collections">
<arg>${AddInvoiceRowData}</arg>
<arg>${items}[2]</arg>
<doc>Adds ``values`` to the end of ``list``.</doc>
<status status="PASS" starttime="20240305 20:15:59.102" endtime="20240305 20:15:59.104"/>
</kw>
<kw name="Append To List" library="Collections">
<arg>${AddInvoiceRowData}</arg>
<arg>${items}[3]</arg>
<doc>Adds ``values`` to the end of ``list``.</doc>
<status status="PASS" starttime="20240305 20:15:59.104" endtime="20240305 20:15:59.105"/>
</kw>
<kw name="Append To List" library="Collections">
<arg>${AddInvoiceRowData}</arg>
<arg>${items}[4]</arg>
<doc>Adds ``values`` to the end of ``list``.</doc>
<status status="PASS" starttime="20240305 20:15:59.105" endtime="20240305 20:15:59.106"/>
</kw>
<kw name="Append To List" library="Collections">
<arg>${AddInvoiceRowData}</arg>
<arg>${items}[5]</arg>
<doc>Adds ``values`` to the end of ``list``.</doc>
<status status="PASS" starttime="20240305 20:15:59.106" endtime="20240305 20:15:59.107"/>
</kw>
<kw name="Append To List" library="Collections">
<arg>${AddInvoiceRowData}</arg>
<arg>${items}[6]</arg>
<doc>Adds ``values`` to the end of ``list``.</doc>
<status status="PASS" starttime="20240305 20:15:59.107" endtime="20240305 20:15:59.108"/>
</kw>
<kw name="Append To List" library="Collections">
<arg>${AddInvoiceRowData}</arg>
<arg>${items}[7]</arg>
<doc>Adds ``values`` to the end of ``list``.</doc>
<status status="PASS" starttime="20240305 20:15:59.108" endtime="20240305 20:15:59.108"/>
</kw>
<kw name="Append To List" library="Collections">
<arg>${ListToDB}</arg>
<arg>${AddInvoiceRowData}</arg>
<doc>Adds ``values`` to the end of ``list``.</doc>
<status status="PASS" starttime="20240305 20:15:59.109" endtime="20240305 20:15:59.109"/>
</kw>
<status status="PASS" starttime="20240305 20:15:59.097" endtime="20240305 20:15:59.110"/>
</kw>
<status status="PASS" starttime="20240305 20:15:58.607" endtime="20240305 20:15:59.110"/>
</branch>
<status status="PASS" starttime="20240305 20:15:58.603" endtime="20240305 20:15:59.110"/>
</if>
<status status="PASS" starttime="20240305 20:15:58.595" endtime="20240305 20:15:59.110"/>
</branch>
<status status="PASS" starttime="20240305 20:15:58.590" endtime="20240305 20:15:59.111"/>
</if>
<status status="PASS" starttime="20240305 20:15:58.578" endtime="20240305 20:15:59.111"/>
</iter>
<iter>
<var name="${element}">1543235,Brother printer,1,kpl,65.00,24,15.60,80.60</var>
<kw name="Log" library="BuiltIn">
<arg>${element}</arg>
<doc>Logs the given message with the given level.</doc>
<msg timestamp="20240305 20:15:59.113" level="INFO">1543235,Brother printer,1,kpl,65.00,24,15.60,80.60</msg>
<status status="PASS" starttime="20240305 20:15:59.112" endtime="20240305 20:15:59.114"/>
</kw>
<kw name="Split String" library="String">
<var>@{items}</var>
<arg>${element}</arg>
<arg>,</arg>
<doc>Splits the ``string`` using ``separator`` as a delimiter string.</doc>
<msg timestamp="20240305 20:15:59.115" level="INFO">@{items} = [ 1543235 | Brother printer | 1 | kpl | 65.00 | 24 | 15.60 | 80.60 ]</msg>
<status status="PASS" starttime="20240305 20:15:59.114" endtime="20240305 20:15:59.115"/>
</kw>
<kw name="Log" library="BuiltIn">
<arg>${items}</arg>
<doc>Logs the given message with the given level.</doc>
<msg timestamp="20240305 20:15:59.116" level="INFO">['1543235', 'Brother printer', '1', 'kpl', '65.00', '24', '15.60', '80.60']</msg>
<status status="PASS" starttime="20240305 20:15:59.115" endtime="20240305 20:15:59.116"/>
</kw>
<kw name="Set Variable" library="BuiltIn">
<var>${rowInvoiceNumber}</var>
<arg>${items}[0]</arg>
<doc>Returns the given values which can then be assigned to a variables.</doc>
<msg timestamp="20240305 20:15:59.117" level="INFO">${rowInvoiceNumber} = 1543235</msg>
<status status="PASS" starttime="20240305 20:15:59.116" endtime="20240305 20:15:59.118"/>
</kw>
<kw name="Log" library="BuiltIn">
<arg>${rowInvoiceNumber}</arg>
<doc>Logs the given message with the given level.</doc>
<msg timestamp="20240305 20:15:59.118" level="INFO">1543235</msg>
<status status="PASS" starttime="20240305 20:15:59.118" endtime="20240305 20:15:59.119"/>
</kw>
<kw name="Log" library="BuiltIn">
<arg>${InvoiceNumber}</arg>
<doc>Logs the given message with the given level.</doc>
<msg timestamp="20240305 20:15:59.119" level="INFO">1543235</msg>
<status status="PASS" starttime="20240305 20:15:59.119" endtime="20240305 20:15:59.120"/>
</kw>
<if>
<branch type="IF" condition="'${rowInvoiceNumber}' == '${InvoiceNumber}'">
<kw name="Log" library="BuiltIn">
<arg>Let's add rows to the invoice</arg>
<doc>Logs the given message with the given level.</doc>
<msg timestamp="20240305 20:15:59.121" level="INFO">Let's add rows to the invoice</msg>
<status status="PASS" starttime="20240305 20:15:59.121" endtime="20240305 20:15:59.121"/>
</kw>
<kw name="Log" library="BuiltIn">
<arg>${items}</arg>
<doc>Logs the given message with the given level.</doc>
<msg timestamp="20240305 20:15:59.122" level="INFO">['1543235', 'Brother printer', '1', 'kpl', '65.00', '24', '15.60', '80.60']</msg>
<status status="PASS" starttime="20240305 20:15:59.122" endtime="20240305 20:15:59.122"/>
</kw>
<kw name="Add Row Data to List">
<arg>${items}</arg>
<kw name="Create List" library="BuiltIn">
<var>@{AddInvoiceRowData}</var>
<doc>Returns a list containing given items.</doc>
<msg timestamp="20240305 20:15:59.124" level="INFO">@{AddInvoiceRowData} = [ ]</msg>
<status status="PASS" starttime="20240305 20:15:59.123" endtime="20240305 20:15:59.124"/>
</kw>
<kw name="Append To List" library="Collections">
<arg>${AddInvoiceRowData}</arg>
<arg>${InvoiceNumber}</arg>
<doc>Adds ``values`` to the end of ``list``.</doc>
<status status="PASS" starttime="20240305 20:15:59.124" endtime="20240305 20:15:59.125"/>
</kw>
<kw name="Append To List" library="Collections">
<arg>${AddInvoiceRowData}</arg>
<arg>${items}[1]</arg>
<doc>Adds ``values`` to the end of ``list``.</doc>
<status status="PASS" starttime="20240305 20:15:59.125" endtime="20240305 20:15:59.126"/>
</kw>
<kw name="Append To List" library="Collections">
<arg>${AddInvoiceRowData}</arg>
<arg>${items}[2]</arg>
<doc>Adds ``values`` to the end of ``list``.</doc>
<status status="PASS" starttime="20240305 20:15:59.126" endtime="20240305 20:15:59.126"/>
</kw>
<kw name="Append To List" library="Collections">
<arg>${AddInvoiceRowData}</arg>
<arg>${items}[3]</arg>
<doc>Adds ``values`` to the end of ``list``.</doc>
<status status="PASS" starttime="20240305 20:15:59.127" endtime="20240305 20:15:59.128"/>
</kw>
<kw name="Append To List" library="Collections">
<arg>${AddInvoiceRowData}</arg>
<arg>${items}[4]</arg>
<doc>Adds ``values`` to the end of ``list``.</doc>
<status status="PASS" starttime="20240305 20:15:59.128" endtime="20240305 20:15:59.130"/>
</kw>
<kw name="Append To List" library="Collections">
<arg>${AddInvoiceRowData}</arg>
<arg>${items}[5]</arg>
<doc>Adds ``values`` to the end of ``list``.</doc>
<status status="PASS" starttime="20240305 20:15:59.131" endtime="20240305 20:15:59.133"/>
</kw>
<kw name="Append To List" library="Collections">
<arg>${AddInvoiceRowData}</arg>
<arg>${items}[6]</arg>
<doc>Adds ``values`` to the end of ``list``.</doc>
<status status="PASS" starttime="20240305 20:15:59.133" endtime="20240305 20:15:59.134"/>
</kw>
<kw name="Append To List" library="Collections">
<arg>${AddInvoiceRowData}</arg>
<arg>${items}[7]</arg>
<doc>Adds ``values`` to the end of ``list``.</doc>
<status status="PASS" starttime="20240305 20:15:59.134" endtime="20240305 20:15:59.135"/>
</kw>
<kw name="Append To List" library="Collections">
<arg>${ListToDB}</arg>
<arg>${AddInvoiceRowData}</arg>
<doc>Adds ``values`` to the end of ``list``.</doc>
<status status="PASS" starttime="20240305 20:15:59.135" endtime="20240305 20:15:59.136"/>
</kw>
<status status="PASS" starttime="20240305 20:15:59.123" endtime="20240305 20:15:59.136"/>
</kw>
<status status="PASS" starttime="20240305 20:15:59.120" endtime="20240305 20:15:59.136"/>
</branch>
<branch type="ELSE">
<kw name="Log" library="BuiltIn">
<arg>We need to check if there are already rows in the database list</arg>
<doc>Logs the given message with the given level.</doc>
<status status="NOT RUN" starttime="20240305 20:15:59.137" endtime="20240305 20:15:59.137"/>
</kw>
<kw name="Log" library="BuiltIn">
<arg>${InvoiceNumber}</arg>
<doc>Logs the given message with the given level.</doc>
<status status="NOT RUN" starttime="20240305 20:15:59.138" endtime="20240305 20:15:59.138"/>
</kw>
<kw name="Get Length" library="BuiltIn">
<var>${length}</var>
<arg>${ListToDB}</arg>
<doc>Returns and logs the length of the given item as an integer.</doc>
<status status="NOT RUN" starttime="20240305 20:15:59.138" endtime="20240305 20:15:59.138"/>
</kw>
<if>
<branch type="IF" condition="${length} == ${0}">
<kw name="Log" library="BuiltIn">
<arg>The case of the first invoice</arg>
<doc>Logs the given message with the given level.</doc>
<status status="NOT RUN" starttime="20240305 20:15:59.139" endtime="20240305 20:15:59.139"/>
</kw>
<kw name="Set Variable" library="BuiltIn">
<var>${InvoiceNumber}</var>
<arg>${rowInvoiceNumber}</arg>
<doc>Returns the given values which can then be assigned to a variables.</doc>
<status status="NOT RUN" starttime="20240305 20:15:59.140" endtime="20240305 20:15:59.140"/>
</kw>
<kw name="Set Global Variable" library="BuiltIn">
<arg>${InvoiceNumber}</arg>
<doc>Makes a variable available globally in all tests and suites.</doc>
<status status="NOT RUN" starttime="20240305 20:15:59.140" endtime="20240305 20:15:59.140"/>
</kw>
<kw name="Add Row Data to List">
<arg>${items}</arg>
<status status="NOT RUN" starttime="20240305 20:15:59.141" endtime="20240305 20:15:59.141"/>
</kw>
<status status="NOT RUN" starttime="20240305 20:15:59.139" endtime="20240305 20:15:59.141"/>
</branch>
<branch type="ELSE">
<kw name="Log" library="BuiltIn">
<arg>The invoice changes, the header data must also be processed</arg>
<doc>Logs the given message with the given level.</doc>
<status status="NOT RUN" starttime="20240305 20:15:59.142" endtime="20240305 20:15:59.142"/>
</kw>
<for flavor="IN">
<var>${headerElement}</var>
<value>@{headers}</value>
<iter>
<var name="${headerElement}"/>
<kw name="Split String" library="String">
<var>${headerItems}</var>
<arg>${headerElement}</arg>
<arg>,</arg>
<doc>Splits the ``string`` using ``separator`` as a delimiter string.</doc>
<status status="NOT RUN" starttime="20240305 20:15:59.143" endtime="20240305 20:15:59.143"/>
</kw>
<kw name="Log" library="BuiltIn">
<arg>${headerItems}</arg>
<doc>Logs the given message with the given level.</doc>
<status status="NOT RUN" starttime="20240305 20:15:59.144" endtime="20240305 20:15:59.144"/>
</kw>
<if>
<branch type="IF" condition="'${headerItems}[0]' == '${InvoiceNumber}'">
<kw name="Log" library="BuiltIn">
<arg>The invoice was found</arg>
<doc>Logs the given message with the given level.</doc>
<status status="NOT RUN" starttime="20240305 20:15:59.145" endtime="20240305 20:15:59.145"/>
</kw>
<kw name="Add Invoice Header To DB">
<arg>${headerItems}</arg>
<arg>${ListToDB}</arg>
<status status="NOT RUN" starttime="20240305 20:15:59.145" endtime="20240305 20:15:59.146"/>
</kw>
<for flavor="IN">
<var>${rowElement}</var>
<value>@{ListToDB}</value>
<iter>
<var name="${rowElement}"/>
<kw name="Add Invoice Row To DB">
<arg>${rowElement}</arg>
<status status="NOT RUN" starttime="20240305 20:15:59.147" endtime="20240305 20:15:59.147"/>
</kw>
<status status="NOT RUN" starttime="20240305 20:15:59.147" endtime="20240305 20:15:59.148"/>
</iter>
<status status="NOT RUN" starttime="20240305 20:15:59.146" endtime="20240305 20:15:59.149"/>
</for>
<status status="NOT RUN" starttime="20240305 20:15:59.144" endtime="20240305 20:15:59.149"/>
</branch>
<status status="NOT RUN" starttime="20240305 20:15:59.144" endtime="20240305 20:15:59.149"/>
</if>
<status status="NOT RUN" starttime="20240305 20:15:59.142" endtime="20240305 20:15:59.150"/>
</iter>
<status status="NOT RUN" starttime="20240305 20:15:59.142" endtime="20240305 20:15:59.150"/>
</for>
<kw name="Create List" library="BuiltIn">
<var>@{ListToDB}</var>
<doc>Returns a list containing given items.</doc>
<status status="NOT RUN" starttime="20240305 20:15:59.150" endtime="20240305 20:15:59.151"/>
</kw>
<kw name="Set Global Variable" library="BuiltIn">
<arg>${ListToDB}</arg>
<doc>Makes a variable available globally in all tests and suites.</doc>
<status status="NOT RUN" starttime="20240305 20:15:59.151" endtime="20240305 20:15:59.152"/>
</kw>
<kw name="Set Variable" library="BuiltIn">
<var>${InvoiceNumber}</var>
<arg>${rowInvoiceNumber}</arg>
<doc>Returns the given values which can then be assigned to a variables.</doc>
<status status="NOT RUN" starttime="20240305 20:15:59.152" endtime="20240305 20:15:59.153"/>
</kw>
<kw name="Set Global Variable" library="BuiltIn">
<arg>${InvoiceNumber}</arg>
<doc>Makes a variable available globally in all tests and suites.</doc>
<status status="NOT RUN" starttime="20240305 20:15:59.153" endtime="20240305 20:15:59.153"/>
</kw>
<kw name="Add Row Data to List">
<arg>${items}</arg>
<status status="NOT RUN" starttime="20240305 20:15:59.154" endtime="20240305 20:15:59.154"/>
</kw>
<status status="NOT RUN" starttime="20240305 20:15:59.141" endtime="20240305 20:15:59.155"/>
</branch>
<status status="NOT RUN" starttime="20240305 20:15:59.139" endtime="20240305 20:15:59.155"/>
</if>
<status status="NOT RUN" starttime="20240305 20:15:59.137" endtime="20240305 20:15:59.155"/>
</branch>
<status status="PASS" starttime="20240305 20:15:59.120" endtime="20240305 20:15:59.156"/>
</if>
<status status="PASS" starttime="20240305 20:15:59.112" endtime="20240305 20:15:59.156"/>
</iter>
<iter>
<var name="${element}">153143,Installation Services,5,h,60,24,72.00,372.00</var>
<kw name="Log" library="BuiltIn">
<arg>${element}</arg>
<doc>Logs the given message with the given level.</doc>
<msg timestamp="20240305 20:15:59.158" level="INFO">153143,Installation Services,5,h,60,24,72.00,372.00</msg>
<status status="PASS" starttime="20240305 20:15:59.157" endtime="20240305 20:15:59.159"/>
</kw>
<kw name="Split String" library="String">
<var>@{items}</var>
<arg>${element}</arg>
<arg>,</arg>
<doc>Splits the ``string`` using ``separator`` as a delimiter string.</doc>
<msg timestamp="20240305 20:15:59.160" level="INFO">@{items} = [ 153143 | Installation Services | 5 | h | 60 | 24 | 72.00 | 372.00 ]</msg>
<status status="PASS" starttime="20240305 20:15:59.159" endtime="20240305 20:15:59.161"/>
</kw>
<kw name="Log" library="BuiltIn">
<arg>${items}</arg>
<doc>Logs the given message with the given level.</doc>
<msg timestamp="20240305 20:15:59.162" level="INFO">['153143', 'Installation Services', '5', 'h', '60', '24', '72.00', '372.00']</msg>
<status status="PASS" starttime="20240305 20:15:59.162" endtime="20240305 20:15:59.163"/>
</kw>
[...]
<var>${totalRowsAmount}</var>
<arg>${totalRowsAmount}+${element}[7]</arg>
<doc>Evaluates the given expression in Python and returns the result.</doc>
<msg timestamp="20240305 20:15:59.800" level="INFO">${totalRowsAmount} = 1674.0</msg>
<status status="PASS" starttime="20240305 20:15:59.799" endtime="20240305 20:15:59.801"/>
</kw>
<status status="PASS" starttime="20240305 20:15:59.797" endtime="20240305 20:15:59.802"/>
</iter>
<iter>
<var name="${element}">['153143', 'Cleaning Services', '5', 'h', '60', '24', '72.00', '372.00']</var>
<kw name="Log To Console" library="BuiltIn">
<arg>${element}[6]</arg>
<doc>Logs the given message to the console.</doc>
<status status="PASS" starttime="20240305 20:15:59.803" endtime="20240305 20:15:59.804"/>
</kw>
<kw name="Evaluate" library="BuiltIn">
<var>${totalRowsAmount}</var>
<arg>${totalRowsAmount}+${element}[7]</arg>
<doc>Evaluates the given expression in Python and returns the result.</doc>
<msg timestamp="20240305 20:15:59.807" level="INFO">${totalRowsAmount} = 2046.0</msg>
<status status="PASS" starttime="20240305 20:15:59.805" endtime="20240305 20:15:59.807"/>
</kw>
<status status="PASS" starttime="20240305 20:15:59.802" endtime="20240305 20:15:59.808"/>
</iter>
<iter>
<var name="${element}">['153143', 'Cleaning Wipes', '10', 'kpl', '105', '24', '252.00', '1302.00']</var>
<kw name="Log To Console" library="BuiltIn">
<arg>${element}[6]</arg>
<doc>Logs the given message to the console.</doc>
<status status="PASS" starttime="20240305 20:15:59.809" endtime="20240305 20:15:59.812"/>
</kw>
<kw name="Evaluate" library="BuiltIn">
<var>${totalRowsAmount}</var>
<arg>${totalRowsAmount}+${element}[7]</arg>
<doc>Evaluates the given expression in Python and returns the result.</doc>
<msg timestamp="20240305 20:15:59.814" level="INFO">${totalRowsAmount} = 3348.0</msg>
<status status="PASS" starttime="20240305 20:15:59.813" endtime="20240305 20:15:59.815"/>
</kw>
<status status="PASS" starttime="20240305 20:15:59.808" endtime="20240305 20:15:59.815"/>
</iter>
<status status="PASS" starttime="20240305 20:15:59.790" endtime="20240305 20:15:59.816"/>
</for>
<kw name="Convert To Number" library="BuiltIn">
<var>${totalSumFromHeader}</var>
<arg>${totalSumFromHeader}</arg>
<doc>Converts the given item to a floating point number.</doc>
<msg timestamp="20240305 20:15:59.819" level="INFO">${totalSumFromHeader} = 3348.0</msg>
<status status="PASS" starttime="20240305 20:15:59.818" endtime="20240305 20:15:59.820"/>
</kw>
<kw name="Convert To Number" library="BuiltIn">
<var>${totalRowsAmount}</var>
<arg>${totalRowsAmount}</arg>
<doc>Converts the given item to a floating point number.</doc>
<msg timestamp="20240305 20:15:59.822" level="INFO">${totalRowsAmount} = 3348.0</msg>
<status status="PASS" starttime="20240305 20:15:59.821" endtime="20240305 20:15:59.823"/>
</kw>
<kw name="Convert To Number" library="BuiltIn">
<var>${diff}</var>
<arg>0.01</arg>
<doc>Converts the given item to a floating point number.</doc>
<msg timestamp="20240305 20:15:59.825" level="INFO">${diff} = 0.01</msg>
<status status="PASS" starttime="20240305 20:15:59.823" endtime="20240305 20:15:59.825"/>
</kw>
<kw name="Is Equal" library="validate">
<var>${status}</var>
<arg>${totalSumFromHeader}</arg>
<arg>${totalRowsAmount}</arg>
<arg>${diff}</arg>
<msg timestamp="20240305 20:15:59.827" level="INFO">${status} = True</msg>
<status status="PASS" starttime="20240305 20:15:59.826" endtime="20240305 20:15:59.828"/>
</kw>
<msg timestamp="20240305 20:15:59.829" level="INFO">${sumResult} = True</msg>
<status status="PASS" starttime="20240305 20:15:59.785" endtime="20240305 20:15:59.829"/>
</kw>
<if>
<branch type="IF" condition="not ${sumResult}">
<kw name="Set Variable" library="BuiltIn">
<var>${statusOfInvoice}</var>
<arg>3</arg>
<doc>Returns the given values which can then be assigned to a variables.</doc>
<status status="NOT RUN" starttime="20240305 20:15:59.831" endtime="20240305 20:15:59.832"/>
</kw>
<kw name="Set Variable" library="BuiltIn">
<var>${commentOfInvoice}</var>
<arg>Amount difference</arg>
<doc>Returns the given values which can then be assigned to a variables.</doc>
<status status="NOT RUN" starttime="20240305 20:15:59.833" endtime="20240305 20:15:59.833"/>
</kw>
<status status="NOT RUN" starttime="20240305 20:15:59.830" endtime="20240305 20:15:59.834"/>
</branch>
<status status="PASS" starttime="20240305 20:15:59.830" endtime="20240305 20:15:59.834"/>
</if>
<kw name="Evaluate" library="BuiltIn">
<var>${amountexc}</var>
<arg>round(${items}[5])</arg>
<doc>Evaluates the given expression in Python and returns the result.</doc>
<msg timestamp="20240305 20:15:59.835" level="INFO">${amountexc} = 2700</msg>
<status status="PASS" starttime="20240305 20:15:59.834" endtime="20240305 20:15:59.836"/>
</kw>
<kw name="Set Variable" library="BuiltIn">
<var>${foreignKeyChecks0}</var>
<arg>SET FOREIGN_KEY_CHECKS=0;</arg>
<doc>Returns the given values which can then be assigned to a variables.</doc>
<msg timestamp="20240305 20:15:59.837" level="INFO">${foreignKeyChecks0} = SET FOREIGN_KEY_CHECKS=0;</msg>
<status status="PASS" starttime="20240305 20:15:59.836" endtime="20240305 20:15:59.837"/>
</kw>
<kw name="Set Variable" library="BuiltIn">
<var>${insertStmt}</var>
<arg>insert into invoiceheaders (invoiceNumber, companyCode, referenceNumber, ibanNumber, duedate, amountExcl, vat, totalAmount, invoicestatus_id, comments) values ('${items}[0]', '${items}[1]', '${items}[2]', '${items}[3]', '${dueDate}', '${amountexc}', '${items}[6]', '${items}[7]','${statusOfInvoice}', '${commentOfInvoice}');</arg>
<doc>Returns the given values which can then be assigned to a variables.</doc>
<msg timestamp="20240305 20:15:59.841" level="INFO">${insertStmt} = insert into invoiceheaders (invoiceNumber, companyCode, referenceNumber, ibanNumber, duedate, amountExcl, vat, totalAmount, invoicestatus_id, comments) values ('153143', '1234567-8', '1531439', 'FI12 ...</msg>
<status status="PASS" starttime="20240305 20:15:59.838" endtime="20240305 20:15:59.841"/>
</kw>
<kw name="Execute Sql String" library="DatabaseLibrary">
<arg>${foreignKeyChecks0}</arg>
<doc>Executes the ``sqlString`` as a single SQL command.</doc>
<msg timestamp="20240305 20:15:59.844" level="INFO">Executing : Execute SQL String  |  SET FOREIGN_KEY_CHECKS=0;</msg>
<status status="PASS" starttime="20240305 20:15:59.842" endtime="20240305 20:15:59.846"/>
</kw>
<kw name="Execute Sql String" library="DatabaseLibrary">
<arg>${insertStmt}</arg>
<doc>Executes the ``sqlString`` as a single SQL command.</doc>
<msg timestamp="20240305 20:15:59.848" level="INFO">Executing : Execute SQL String  |  insert into invoiceheaders (invoiceNumber, companyCode, referenceNumber, ibanNumber, duedate, amountExcl, vat, totalAmount, invoicestatus_id, comments) values ('153143', '1234567-8', '1531439', 'FI12 3456 7890 1234 56', '2022-12-15', '2700', '648', '3348','0', 'All ok');</msg>
<status status="PASS" starttime="20240305 20:15:59.847" endtime="20240305 20:15:59.852"/>
</kw>
<status status="PASS" starttime="20240305 20:15:59.743" endtime="20240305 20:15:59.852"/>
</kw>
<for flavor="IN">
<var>${rowElement}</var>
<value>@{ListToDB}</value>
<iter>
<var name="${rowElement}">['153143', 'Installation Services', '5', 'h', '60', '24', '72.00', '372.00']</var>
<kw name="Add Invoice Row To DB">
<arg>${rowElement}</arg>
<kw name="Make Connection">
<arg>${dbname}</arg>
<kw name="Connect To Database" library="DatabaseLibrary">
<arg>dbapiModuleName=pymysql</arg>
<arg>dbName=${dbtoconnect}</arg>
<arg>dbUsername=${dbuser}</arg>
<arg>dbPassword=${dbpass}</arg>
<arg>dbHost=${dbhost}</arg>
<arg>dbPort=${dbport}</arg>
<doc>Loads the DB API 2.0 module given ``dbapiModuleName`` then uses it to
connect to the database using provided parameters such as ``dbName``, ``dbUsername``, and ``dbPassword``.</doc>
<msg timestamp="20240305 20:15:59.863" level="INFO">Connecting using : pymysql.connect(db=rpacourse2, user=robotuser, passwd=***, host=localhost, port=3306, charset=None)</msg>
<msg timestamp="20240305 20:15:59.869" level="WARN">Overwriting not closed connection.</msg>
<status status="PASS" starttime="20240305 20:15:59.857" endtime="20240305 20:15:59.872"/>
</kw>
<status status="PASS" starttime="20240305 20:15:59.856" endtime="20240305 20:15:59.872"/>
</kw>
<kw name="Set Variable" library="BuiltIn">
<var>${insertStmt}</var>
<arg>insert into invoicerows (invoiceNumber, item, quantity, unit, unitPrice, vatPercent, lineVat, lineItemAmount) values ('${items}[0]', '${items}[1]', '${items}[2]', '${items}[3]', '${items}[4]', '${items}[5]', '${items}[6]', '${items}[7]');</arg>
<doc>Returns the given values which can then be assigned to a variables.</doc>
<msg timestamp="20240305 20:15:59.874" level="INFO">${insertStmt} = insert into invoicerows (invoiceNumber, item, quantity, unit, unitPrice, vatPercent, lineVat, lineItemAmount) values ('153143', 'Installation Services', '5', 'h', '60', '24', '72.00', '372.00');</msg>
<status status="PASS" starttime="20240305 20:15:59.873" endtime="20240305 20:15:59.874"/>
</kw>
<kw name="Execute Sql String" library="DatabaseLibrary">
<arg>${insertStmt}</arg>
<doc>Executes the ``sqlString`` as a single SQL command.</doc>
<msg timestamp="20240305 20:15:59.876" level="INFO">Executing : Execute SQL String  |  insert into invoicerows (invoiceNumber, item, quantity, unit, unitPrice, vatPercent, lineVat, lineItemAmount) values ('153143', 'Installation Services', '5', 'h', '60', '24', '72.00', '372.00');</msg>
<status status="PASS" starttime="20240305 20:15:59.875" endtime="20240305 20:15:59.882"/>
</kw>
<status status="PASS" starttime="20240305 20:15:59.854" endtime="20240305 20:15:59.882"/>
</kw>
<status status="PASS" starttime="20240305 20:15:59.854" endtime="20240305 20:15:59.882"/>
</iter>
<iter>
<var name="${rowElement}">['153143', 'Replacement Products', '10', 'kpl', '105', '24', '252.00', '1302.00']</var>
<kw name="Add Invoice Row To DB">
<arg>${rowElement}</arg>
<kw name="Make Connection">
<arg>${dbname}</arg>
<kw name="Connect To Database" library="DatabaseLibrary">
<arg>dbapiModuleName=pymysql</arg>
<arg>dbName=${dbtoconnect}</arg>
<arg>dbUsername=${dbuser}</arg>
<arg>dbPassword=${dbpass}</arg>
<arg>dbHost=${dbhost}</arg>
<arg>dbPort=${dbport}</arg>
<doc>Loads the DB API 2.0 module given ``dbapiModuleName`` then uses it to
connect to the database using provided parameters such as ``dbName``, ``dbUsername``, and ``dbPassword``.</doc>
<msg timestamp="20240305 20:15:59.893" level="INFO">Connecting using : pymysql.connect(db=rpacourse2, user=robotuser, passwd=***, host=localhost, port=3306, charset=None)</msg>
<msg timestamp="20240305 20:15:59.898" level="WARN">Overwriting not closed connection.</msg>
<status status="PASS" starttime="20240305 20:15:59.886" endtime="20240305 20:15:59.900"/>
</kw>
<status status="PASS" starttime="20240305 20:15:59.885" endtime="20240305 20:15:59.900"/>
</kw>
<kw name="Set Variable" library="BuiltIn">
<var>${insertStmt}</var>
<arg>insert into invoicerows (invoiceNumber, item, quantity, unit, unitPrice, vatPercent, lineVat, lineItemAmount) values ('${items}[0]', '${items}[1]', '${items}[2]', '${items}[3]', '${items}[4]', '${items}[5]', '${items}[6]', '${items}[7]');</arg>
<doc>Returns the given values which can then be assigned to a variables.</doc>
<msg timestamp="20240305 20:15:59.902" level="INFO">${insertStmt} = insert into invoicerows (invoiceNumber, item, quantity, unit, unitPrice, vatPercent, lineVat, lineItemAmount) values ('153143', 'Replacement Products', '10', 'kpl', '105', '24', '252.00', '1302.00');</msg>
<status status="PASS" starttime="20240305 20:15:59.901" endtime="20240305 20:15:59.903"/>
</kw>
<kw name="Execute Sql String" library="DatabaseLibrary">
<arg>${insertStmt}</arg>
<doc>Executes the ``sqlString`` as a single SQL command.</doc>
<msg timestamp="20240305 20:15:59.904" level="INFO">Executing : Execute SQL String  |  insert into invoicerows (invoiceNumber, item, quantity, unit, unitPrice, vatPercent, lineVat, lineItemAmount) values ('153143', 'Replacement Products', '10', 'kpl', '105', '24', '252.00', '1302.00');</msg>
<status status="PASS" starttime="20240305 20:15:59.904" endtime="20240305 20:15:59.908"/>
</kw>
<status status="PASS" starttime="20240305 20:15:59.884" endtime="20240305 20:15:59.909"/>
</kw>
<status status="PASS" starttime="20240305 20:15:59.883" endtime="20240305 20:15:59.910"/>
</iter>
<iter>
<var name="${rowElement}">['153143', 'Cleaning Services', '5', 'h', '60', '24', '72.00', '372.00']</var>
<kw name="Add Invoice Row To DB">
<arg>${rowElement}</arg>
<kw name="Make Connection">
<arg>${dbname}</arg>
<kw name="Connect To Database" library="DatabaseLibrary">
<arg>dbapiModuleName=pymysql</arg>
<arg>dbName=${dbtoconnect}</arg>
<arg>dbUsername=${dbuser}</arg>
<arg>dbPassword=${dbpass}</arg>
<arg>dbHost=${dbhost}</arg>
<arg>dbPort=${dbport}</arg>
<doc>Loads the DB API 2.0 module given ``dbapiModuleName`` then uses it to
connect to the database using provided parameters such as ``dbName``, ``dbUsername``, and ``dbPassword``.</doc>
<msg timestamp="20240305 20:15:59.939" level="INFO">Connecting using : pymysql.connect(db=rpacourse2, user=robotuser, passwd=***, host=localhost, port=3306, charset=None)</msg>
<msg timestamp="20240305 20:15:59.957" level="WARN">Overwriting not closed connection.</msg>
<status status="PASS" starttime="20240305 20:15:59.913" endtime="20240305 20:15:59.959"/>
</kw>
<status status="PASS" starttime="20240305 20:15:59.912" endtime="20240305 20:15:59.960"/>
</kw>
<kw name="Set Variable" library="BuiltIn">
<var>${insertStmt}</var>
<arg>insert into invoicerows (invoiceNumber, item, quantity, unit, unitPrice, vatPercent, lineVat, lineItemAmount) values ('${items}[0]', '${items}[1]', '${items}[2]', '${items}[3]', '${items}[4]', '${items}[5]', '${items}[6]', '${items}[7]');</arg>
<doc>Returns the given values which can then be assigned to a variables.</doc>
<msg timestamp="20240305 20:15:59.962" level="INFO">${insertStmt} = insert into invoicerows (invoiceNumber, item, quantity, unit, unitPrice, vatPercent, lineVat, lineItemAmount) values ('153143', 'Cleaning Services', '5', 'h', '60', '24', '72.00', '372.00');</msg>
<status status="PASS" starttime="20240305 20:15:59.961" endtime="20240305 20:15:59.963"/>
</kw>
<kw name="Execute Sql String" library="DatabaseLibrary">
<arg>${insertStmt}</arg>
<doc>Executes the ``sqlString`` as a single SQL command.</doc>
<msg timestamp="20240305 20:15:59.965" level="INFO">Executing : Execute SQL String  |  insert into invoicerows (invoiceNumber, item, quantity, unit, unitPrice, vatPercent, lineVat, lineItemAmount) values ('153143', 'Cleaning Services', '5', 'h', '60', '24', '72.00', '372.00');</msg>
<status status="PASS" starttime="20240305 20:15:59.964" endtime="20240305 20:15:59.969"/>
</kw>
<status status="PASS" starttime="20240305 20:15:59.911" endtime="20240305 20:15:59.970"/>
</kw>
<status status="PASS" starttime="20240305 20:15:59.910" endtime="20240305 20:15:59.970"/>
</iter>
<iter>
<var name="${rowElement}">['153143', 'Cleaning Wipes', '10', 'kpl', '105', '24', '252.00', '1302.00']</var>
<kw name="Add Invoice Row To DB">
<arg>${rowElement}</arg>
<kw name="Make Connection">
<arg>${dbname}</arg>
<kw name="Connect To Database" library="DatabaseLibrary">
<arg>dbapiModuleName=pymysql</arg>
<arg>dbName=${dbtoconnect}</arg>
<arg>dbUsername=${dbuser}</arg>
<arg>dbPassword=${dbpass}</arg>
<arg>dbHost=${dbhost}</arg>
<arg>dbPort=${dbport}</arg>
<doc>Loads the DB API 2.0 module given ``dbapiModuleName`` then uses it to
connect to the database using provided parameters such as ``dbName``, ``dbUsername``, and ``dbPassword``.</doc>
<msg timestamp="20240305 20:15:59.978" level="INFO">Connecting using : pymysql.connect(db=rpacourse2, user=robotuser, passwd=***, host=localhost, port=3306, charset=None)</msg>
<msg timestamp="20240305 20:15:59.982" level="WARN">Overwriting not closed connection.</msg>
<status status="PASS" starttime="20240305 20:15:59.973" endtime="20240305 20:15:59.989"/>
</kw>
<status status="PASS" starttime="20240305 20:15:59.972" endtime="20240305 20:15:59.990"/>
</kw>
<kw name="Set Variable" library="BuiltIn">
<var>${insertStmt}</var>
<arg>insert into invoicerows (invoiceNumber, item, quantity, unit, unitPrice, vatPercent, lineVat, lineItemAmount) values ('${items}[0]', '${items}[1]', '${items}[2]', '${items}[3]', '${items}[4]', '${items}[5]', '${items}[6]', '${items}[7]');</arg>
<doc>Returns the given values which can then be assigned to a variables.</doc>
<msg timestamp="20240305 20:15:59.992" level="INFO">${insertStmt} = insert into invoicerows (invoiceNumber, item, quantity, unit, unitPrice, vatPercent, lineVat, lineItemAmount) values ('153143', 'Cleaning Wipes', '10', 'kpl', '105', '24', '252.00', '1302.00');</msg>
<status status="PASS" starttime="20240305 20:15:59.991" endtime="20240305 20:15:59.993"/>
</kw>
<kw name="Execute Sql String" library="DatabaseLibrary">
<arg>${insertStmt}</arg>
<doc>Executes the ``sqlString`` as a single SQL command.</doc>
<msg timestamp="20240305 20:15:59.994" level="INFO">Executing : Execute SQL String  |  insert into invoicerows (invoiceNumber, item, quantity, unit, unitPrice, vatPercent, lineVat, lineItemAmount) values ('153143', 'Cleaning Wipes', '10', 'kpl', '105', '24', '252.00', '1302.00');</msg>
<status status="PASS" starttime="20240305 20:15:59.993" endtime="20240305 20:16:00.006"/>
</kw>
<status status="PASS" starttime="20240305 20:15:59.971" endtime="20240305 20:16:00.007"/>
</kw>
<status status="PASS" starttime="20240305 20:15:59.970" endtime="20240305 20:16:00.008"/>
</iter>
<status status="PASS" starttime="20240305 20:15:59.853" endtime="20240305 20:16:00.010"/>
</for>
<status status="PASS" starttime="20240305 20:15:59.741" endtime="20240305 20:16:00.010"/>
</branch>
<branch type="ELSE">
<kw name="Log" library="BuiltIn">
<arg>Something is wrong.</arg>
<doc>Logs the given message with the given level.</doc>
<status status="NOT RUN" starttime="20240305 20:16:00.012" endtime="20240305 20:16:00.012"/>
</kw>
<status status="NOT RUN" starttime="20240305 20:16:00.011" endtime="20240305 20:16:00.013"/>
</branch>
<status status="PASS" starttime="20240305 20:15:59.741" endtime="20240305 20:16:00.013"/>
</if>
<status status="PASS" starttime="20240305 20:15:59.739" endtime="20240305 20:16:00.014"/>
</iter>
<status status="PASS" starttime="20240305 20:15:59.721" endtime="20240305 20:16:00.014"/>
</for>
<status status="PASS" starttime="20240305 20:15:59.718" endtime="20240305 20:16:00.015"/>
</branch>
<status status="PASS" starttime="20240305 20:15:59.718" endtime="20240305 20:16:00.016"/>
</if>
<status status="PASS" starttime="20240305 20:15:58.387" endtime="20240305 20:16:00.024"/>
</test>
<status status="PASS" starttime="20240305 20:15:57.967" endtime="20240305 20:16:00.028"/>
</suite>
<statistics>
<total>
<stat pass="2" fail="0" skip="0">All Tests</stat>
</total>
<tag>
</tag>
<suite>
<stat pass="2" fail="0" skip="0" id="s1" name="Rf Project Final">Rf Project Final</stat>
</suite>
</statistics>
<errors>
<msg timestamp="20240305 20:15:59.014" level="WARN">Overwriting not closed connection.</msg>
<msg timestamp="20240305 20:15:59.052" level="WARN">Overwriting not closed connection.</msg>
<msg timestamp="20240305 20:15:59.233" level="WARN">Overwriting not closed connection.</msg>
<msg timestamp="20240305 20:15:59.388" level="WARN">Overwriting not closed connection.</msg>
<msg timestamp="20240305 20:15:59.411" level="WARN">Overwriting not closed connection.</msg>
<msg timestamp="20240305 20:15:59.757" level="WARN">Overwriting not closed connection.</msg>
<msg timestamp="20240305 20:15:59.869" level="WARN">Overwriting not closed connection.</msg>
<msg timestamp="20240305 20:15:59.898" level="WARN">Overwriting not closed connection.</msg>
<msg timestamp="20240305 20:15:59.957" level="WARN">Overwriting not closed connection.</msg>
<msg timestamp="20240305 20:15:59.982" level="WARN">Overwriting not closed connection.</msg>
</errors>
</robot>
